#
# There is insufficient memory for the Java Runtime Environment to continue.
# Native memory allocation (mmap) failed to map 27262976 bytes for Failed to commit area from 0x0000000088000000 to 0x0000000089a00000 of length 27262976.
# Possible reasons:
#   The system is out of physical RAM or swap space
#   The process is running with CompressedOops enabled, and the Java Heap may be blocking the growth of the native heap
# Possible solutions:
#   Reduce memory load on the system
#   Increase physical memory or swap space
#   Check if swap backing store is full
#   Decrease Java heap size (-Xmx/-Xms)
#   Decrease number of Java threads
#   Decrease Java thread stack sizes (-Xss)
#   Set larger code cache with -XX:ReservedCodeCacheSize=
#   JVM is running with Unscaled Compressed Oops mode in which the Java heap is
#     placed in the first 4GB address space. The Java Heap base address is the
#     maximum limit for the native heap growth. Please use -XX:HeapBaseMinAddress
#     to set the Java Heap base and to place the Java Heap above 4GB virtual address.
# This output file may be truncated or incomplete.
#
#  Out of Memory Error (./open/src/hotspot/os/windows/os_windows.cpp:3287), pid=11316, tid=6732
#
# JRE version: Java(TM) SE Runtime Environment 18.9 (11.0.15+8) (build 11.0.15+8-LTS-149)
# Java VM: Java HotSpot(TM) 64-Bit Server VM 18.9 (11.0.15+8-LTS-149, mixed mode, tiered, compressed oops, g1 gc, windows-amd64)
# No core dump will be written. Minidumps are not enabled by default on client versions of Windows
#

---------------  S U M M A R Y ------------

Command Line: -javaagent:C:\Program Files\JetBrains\IntelliJ IDEA Community Edition 2022.2.1\lib\idea_rt.jar=53149:C:\Program Files\JetBrains\IntelliJ IDEA Community Edition 2022.2.1\bin -Dfile.encoding=UTF-8 com.training.example.ConfigServerApplication

Host: Intel(R) Xeon(R) Platinum 8272CL CPU @ 2.60GHz, 2 cores, 7G,  Windows 10 , 64 bit Build 19041 (10.0.19041.1889)
Time: Mon Sep  5 05:10:11 2022 Coordinated Universal Time elapsed time: 2.950756 seconds (0d 0h 0m 2s)

---------------  T H R E A D  ---------------

Current thread (0x0000026dd1314000):  VMThread "VM Thread" [stack: 0x000000c65f100000,0x000000c65f200000] [id=6732]

Stack: [0x000000c65f100000,0x000000c65f200000]
[error occurred during error reporting (printing stack bounds), id 0xc0000005, EXCEPTION_ACCESS_VIOLATION (0xc0000005) at pc=0x0000026dbb7010e7]

Native frames: (J=compiled Java code, j=interpreted, Vv=VM code, C=native code)
V  [jvm.dll+0x629d8a]
V  [jvm.dll+0x7638ff]
V  [jvm.dll+0x764fa9]
V  [jvm.dll+0x765595]
V  [jvm.dll+0x76554b]
V  [jvm.dll+0x629273]
V  [jvm.dll+0x629988]
C  [ntdll.dll+0xa229f]
C  [ntdll.dll+0x51454]
C  [ntdll.dll+0xa0dce]
C  0x0000026dbb7010e7

VM_Operation (0x000000c65fefb850): CollectForMetadataAllocation, mode: safepoint, requested by thread 0x0000026dd27ed000


---------------  P R O C E S S  ---------------

Threads class SMR info:
_java_thread_list=0x0000026dd2dbcd60, length=12, elements={
0x0000026db404d000, 0x0000026dd1315000, 0x0000026dd131e800, 0x0000026dd1cb2800,
0x0000026dd1332000, 0x0000026dd1333000, 0x0000026dd133a800, 0x0000026dd1cec000,
0x0000026dd136e000, 0x0000026dd12b4000, 0x0000026dd1f37000, 0x0000026dd27ed000
}

Java Threads: ( => current thread )
  0x0000026db404d000 JavaThread "main" [_thread_blocked, id=8148, stack(0x000000c65ea00000,0x000000c65eb00000)]
  0x0000026dd1315000 JavaThread "Reference Handler" daemon [_thread_blocked, id=10784, stack(0x000000c65f200000,0x000000c65f300000)]
  0x0000026dd131e800 JavaThread "Finalizer" daemon [_thread_blocked, id=11788, stack(0x000000c65f300000,0x000000c65f400000)]
  0x0000026dd1cb2800 JavaThread "Signal Dispatcher" daemon [_thread_blocked, id=12020, stack(0x000000c65f400000,0x000000c65f500000)]
  0x0000026dd1332000 JavaThread "Attach Listener" daemon [_thread_blocked, id=10536, stack(0x000000c65f500000,0x000000c65f600000)]
  0x0000026dd1333000 JavaThread "Service Thread" daemon [_thread_blocked, id=5348, stack(0x000000c65f600000,0x000000c65f700000)]
  0x0000026dd133a800 JavaThread "C2 CompilerThread0" daemon [_thread_blocked, id=3384, stack(0x000000c65f700000,0x000000c65f800000)]
  0x0000026dd1cec000 JavaThread "C1 CompilerThread0" daemon [_thread_blocked, id=5148, stack(0x000000c65f800000,0x000000c65f900000)]
  0x0000026dd136e000 JavaThread "Sweeper thread" daemon [_thread_blocked, id=4716, stack(0x000000c65f900000,0x000000c65fa00000)]
  0x0000026dd12b4000 JavaThread "Common-Cleaner" daemon [_thread_blocked, id=3604, stack(0x000000c65fa00000,0x000000c65fb00000)]
  0x0000026dd1f37000 JavaThread "Monitor Ctrl-Break" daemon [_thread_in_native, id=6828, stack(0x000000c65fb00000,0x000000c65fc00000)]
  0x0000026dd27ed000 JavaThread "background-preinit" [_thread_blocked, id=6632, stack(0x000000c65fe00000,0x000000c65ff00000)]

Other Threads:
=>0x0000026dd1314000 VMThread "VM Thread" [stack: 0x000000c65f100000,0x000000c65f200000] [id=6732]
  0x0000026dd1f38000 WatcherThread [stack: 0x000000c65fc00000,0x000000c65fd00000] [id=1752]
  0x0000026db4062000 GCTaskThread "GC Thread#0" [stack: 0x000000c65ec00000,0x000000c65ed00000] [id=1316]
  0x0000026dd2208800 GCTaskThread "GC Thread#1" [stack: 0x000000c65fd00000,0x000000c65fe00000] [id=11408]
  0x0000026db4094000 ConcurrentGCThread "G1 Main Marker" [stack: 0x000000c65ed00000,0x000000c65ee00000] [id=1128]
  0x0000026db4096000 ConcurrentGCThread "G1 Conc#0" [stack: 0x000000c65ee00000,0x000000c65ef00000] [id=5468]
  0x0000026db411f000 ConcurrentGCThread "G1 Refine#0" [stack: 0x000000c65ef00000,0x000000c65f000000] [id=10256]
  0x0000026db4120000 ConcurrentGCThread "G1 Young RemSet Sampling" [stack: 0x000000c65f000000,0x000000c65f100000] [id=7392]

Threads with active compile tasks:

VM state:at safepoint (normal execution)

VM Mutex/Monitor currently owned by a thread:  ([mutex/lock_event])
[0x0000026db404b1a0] Threads_lock - owner thread: 0x0000026dd1314000
[0x0000026db404a540] Heap_lock - owner thread: 0x0000026dd27ed000

Heap address: 0x0000000080000000, size: 2048 MB, Compressed Oops mode: 32-bit
Narrow klass base: 0x0000000000000000, Narrow klass shift: 3
Compressed class space size: 1073741824 Address: 0x0000000100000000

Heap:
 garbage-first heap   total 157696K, used 7580K [0x0000000080000000, 0x0000000100000000)
  region size 1024K, 2 young (2048K), 2 survivors (2048K)
 Metaspace       used 20689K, capacity 21165K, committed 21248K, reserved 1069056K
  class space    used 2335K, capacity 2541K, committed 2560K, reserved 1048576K
Heap Regions: E=young(eden), S=young(survivor), O=old, HS=humongous(starts), HC=humongous(continues), CS=collection set, F=free, A=archive, TAMS=top-at-mark-start (previous, next)
|   0|0x0000000080000000, 0x0000000080100000, 0x0000000080100000|100%| O|  |TAMS 0x0000000080000000, 0x0000000080100000| Untracked 
|   1|0x0000000080100000, 0x0000000080200000, 0x0000000080200000|100%| O|  |TAMS 0x0000000080100000, 0x0000000080200000| Untracked 
|   2|0x0000000080200000, 0x0000000080300000, 0x0000000080300000|100%| O|  |TAMS 0x0000000080200000, 0x0000000080300000| Untracked 
|   3|0x0000000080300000, 0x0000000080400000, 0x0000000080400000|100%| O|  |TAMS 0x0000000080300000, 0x0000000080400000| Untracked 
|   4|0x0000000080400000, 0x0000000080500000, 0x0000000080500000|100%| O|  |TAMS 0x0000000080400000, 0x0000000080500000| Untracked 
|   5|0x0000000080500000, 0x0000000080567200, 0x0000000080600000| 40%| O|  |TAMS 0x0000000080500000, 0x0000000080567200| Untracked 
|   6|0x0000000080600000, 0x0000000080600000, 0x0000000080700000|  0%| F|  |TAMS 0x0000000080600000, 0x0000000080600000| Untracked 
|   7|0x0000000080700000, 0x0000000080700000, 0x0000000080800000|  0%| F|  |TAMS 0x0000000080700000, 0x0000000080700000| Untracked 
|   8|0x0000000080800000, 0x0000000080800000, 0x0000000080900000|  0%| F|  |TAMS 0x0000000080800000, 0x0000000080800000| Untracked 
|   9|0x0000000080900000, 0x0000000080900000, 0x0000000080a00000|  0%| F|  |TAMS 0x0000000080900000, 0x0000000080900000| Untracked 
|  10|0x0000000080a00000, 0x0000000080a00000, 0x0000000080b00000|  0%| F|  |TAMS 0x0000000080a00000, 0x0000000080a00000| Untracked 
|  11|0x0000000080b00000, 0x0000000080b00000, 0x0000000080c00000|  0%| F|  |TAMS 0x0000000080b00000, 0x0000000080b00000| Untracked 
|  12|0x0000000080c00000, 0x0000000080c00000, 0x0000000080d00000|  0%| F|  |TAMS 0x0000000080c00000, 0x0000000080c00000| Untracked 
|  13|0x0000000080d00000, 0x0000000080d00000, 0x0000000080e00000|  0%| F|  |TAMS 0x0000000080d00000, 0x0000000080d00000| Untracked 
|  14|0x0000000080e00000, 0x0000000080e00000, 0x0000000080f00000|  0%| F|  |TAMS 0x0000000080e00000, 0x0000000080e00000| Untracked 
|  15|0x0000000080f00000, 0x0000000080f00000, 0x0000000081000000|  0%| F|  |TAMS 0x0000000080f00000, 0x0000000080f00000| Untracked 
|  16|0x0000000081000000, 0x0000000081000000, 0x0000000081100000|  0%| F|  |TAMS 0x0000000081000000, 0x0000000081000000| Untracked 
|  17|0x0000000081100000, 0x0000000081100000, 0x0000000081200000|  0%| F|  |TAMS 0x0000000081100000, 0x0000000081100000| Untracked 
|  18|0x0000000081200000, 0x0000000081200000, 0x0000000081300000|  0%| F|  |TAMS 0x0000000081200000, 0x0000000081200000| Untracked 
|  19|0x0000000081300000, 0x0000000081300000, 0x0000000081400000|  0%| F|  |TAMS 0x0000000081300000, 0x0000000081300000| Untracked 
|  20|0x0000000081400000, 0x0000000081400000, 0x0000000081500000|  0%| F|  |TAMS 0x0000000081400000, 0x0000000081400000| Untracked 
|  21|0x0000000081500000, 0x0000000081500000, 0x0000000081600000|  0%| F|  |TAMS 0x0000000081500000, 0x0000000081500000| Untracked 
|  22|0x0000000081600000, 0x0000000081600000, 0x0000000081700000|  0%| F|  |TAMS 0x0000000081600000, 0x0000000081600000| Untracked 
|  23|0x0000000081700000, 0x0000000081700000, 0x0000000081800000|  0%| F|  |TAMS 0x0000000081700000, 0x0000000081700000| Untracked 
|  24|0x0000000081800000, 0x0000000081800000, 0x0000000081900000|  0%| F|  |TAMS 0x0000000081800000, 0x0000000081800000| Untracked 
|  25|0x0000000081900000, 0x0000000081900000, 0x0000000081a00000|  0%| F|  |TAMS 0x0000000081900000, 0x0000000081900000| Untracked 
|  26|0x0000000081a00000, 0x0000000081a00000, 0x0000000081b00000|  0%| F|  |TAMS 0x0000000081a00000, 0x0000000081a00000| Untracked 
|  27|0x0000000081b00000, 0x0000000081b00000, 0x0000000081c00000|  0%| F|  |TAMS 0x0000000081b00000, 0x0000000081b00000| Untracked 
|  28|0x0000000081c00000, 0x0000000081c00000, 0x0000000081d00000|  0%| F|  |TAMS 0x0000000081c00000, 0x0000000081c00000| Untracked 
|  29|0x0000000081d00000, 0x0000000081d00000, 0x0000000081e00000|  0%| F|  |TAMS 0x0000000081d00000, 0x0000000081d00000| Untracked 
|  30|0x0000000081e00000, 0x0000000081e00000, 0x0000000081f00000|  0%| F|  |TAMS 0x0000000081e00000, 0x0000000081e00000| Untracked 
|  31|0x0000000081f00000, 0x0000000081f00000, 0x0000000082000000|  0%| F|  |TAMS 0x0000000081f00000, 0x0000000081f00000| Untracked 
|  32|0x0000000082000000, 0x0000000082000000, 0x0000000082100000|  0%| F|  |TAMS 0x0000000082000000, 0x0000000082000000| Untracked 
|  33|0x0000000082100000, 0x0000000082100000, 0x0000000082200000|  0%| F|  |TAMS 0x0000000082100000, 0x0000000082100000| Untracked 
|  34|0x0000000082200000, 0x0000000082200000, 0x0000000082300000|  0%| F|  |TAMS 0x0000000082200000, 0x0000000082200000| Untracked 
|  35|0x0000000082300000, 0x0000000082300000, 0x0000000082400000|  0%| F|  |TAMS 0x0000000082300000, 0x0000000082300000| Untracked 
|  36|0x0000000082400000, 0x0000000082400000, 0x0000000082500000|  0%| F|  |TAMS 0x0000000082400000, 0x0000000082400000| Untracked 
|  37|0x0000000082500000, 0x0000000082500000, 0x0000000082600000|  0%| F|  |TAMS 0x0000000082500000, 0x0000000082500000| Untracked 
|  38|0x0000000082600000, 0x0000000082600000, 0x0000000082700000|  0%| F|  |TAMS 0x0000000082600000, 0x0000000082600000| Untracked 
|  39|0x0000000082700000, 0x0000000082700000, 0x0000000082800000|  0%| F|  |TAMS 0x0000000082700000, 0x0000000082700000| Untracked 
|  40|0x0000000082800000, 0x0000000082800000, 0x0000000082900000|  0%| F|  |TAMS 0x0000000082800000, 0x0000000082800000| Untracked 
|  41|0x0000000082900000, 0x0000000082900000, 0x0000000082a00000|  0%| F|  |TAMS 0x0000000082900000, 0x0000000082900000| Untracked 
|  42|0x0000000082a00000, 0x0000000082a00000, 0x0000000082b00000|  0%| F|  |TAMS 0x0000000082a00000, 0x0000000082a00000| Untracked 
|  43|0x0000000082b00000, 0x0000000082b00000, 0x0000000082c00000|  0%| F|  |TAMS 0x0000000082b00000, 0x0000000082b00000| Untracked 
|  44|0x0000000082c00000, 0x0000000082c00000, 0x0000000082d00000|  0%| F|  |TAMS 0x0000000082c00000, 0x0000000082c00000| Untracked 
|  45|0x0000000082d00000, 0x0000000082d00000, 0x0000000082e00000|  0%| F|  |TAMS 0x0000000082d00000, 0x0000000082d00000| Untracked 
|  46|0x0000000082e00000, 0x0000000082e00000, 0x0000000082f00000|  0%| F|  |TAMS 0x0000000082e00000, 0x0000000082e00000| Untracked 
|  47|0x0000000082f00000, 0x0000000082f00000, 0x0000000083000000|  0%| F|  |TAMS 0x0000000082f00000, 0x0000000082f00000| Untracked 
|  48|0x0000000083000000, 0x0000000083000000, 0x0000000083100000|  0%| F|  |TAMS 0x0000000083000000, 0x0000000083000000| Untracked 
|  49|0x0000000083100000, 0x0000000083100000, 0x0000000083200000|  0%| F|  |TAMS 0x0000000083100000, 0x0000000083100000| Untracked 
|  50|0x0000000083200000, 0x0000000083200000, 0x0000000083300000|  0%| F|  |TAMS 0x0000000083200000, 0x0000000083200000| Untracked 
|  51|0x0000000083300000, 0x0000000083300000, 0x0000000083400000|  0%| F|  |TAMS 0x0000000083300000, 0x0000000083300000| Untracked 
|  52|0x0000000083400000, 0x0000000083400000, 0x0000000083500000|  0%| F|  |TAMS 0x0000000083400000, 0x0000000083400000| Untracked 
|  53|0x0000000083500000, 0x0000000083500000, 0x0000000083600000|  0%| F|  |TAMS 0x0000000083500000, 0x0000000083500000| Untracked 
|  54|0x0000000083600000, 0x0000000083600000, 0x0000000083700000|  0%| F|  |TAMS 0x0000000083600000, 0x0000000083600000| Untracked 
|  55|0x0000000083700000, 0x0000000083700000, 0x0000000083800000|  0%| F|  |TAMS 0x0000000083700000, 0x0000000083700000| Untracked 
|  56|0x0000000083800000, 0x0000000083800000, 0x0000000083900000|  0%| F|  |TAMS 0x0000000083800000, 0x0000000083800000| Untracked 
|  57|0x0000000083900000, 0x0000000083900000, 0x0000000083a00000|  0%| F|  |TAMS 0x0000000083900000, 0x0000000083900000| Untracked 
|  58|0x0000000083a00000, 0x0000000083a00000, 0x0000000083b00000|  0%| F|  |TAMS 0x0000000083a00000, 0x0000000083a00000| Untracked 
|  59|0x0000000083b00000, 0x0000000083b00000, 0x0000000083c00000|  0%| F|  |TAMS 0x0000000083b00000, 0x0000000083b00000| Untracked 
|  60|0x0000000083c00000, 0x0000000083c00000, 0x0000000083d00000|  0%| F|  |TAMS 0x0000000083c00000, 0x0000000083c00000| Untracked 
|  61|0x0000000083d00000, 0x0000000083d00000, 0x0000000083e00000|  0%| F|  |TAMS 0x0000000083d00000, 0x0000000083d00000| Untracked 
|  62|0x0000000083e00000, 0x0000000083e00000, 0x0000000083f00000|  0%| F|  |TAMS 0x0000000083e00000, 0x0000000083e00000| Untracked 
|  63|0x0000000083f00000, 0x0000000083f00000, 0x0000000084000000|  0%| F|  |TAMS 0x0000000083f00000, 0x0000000083f00000| Untracked 
|  64|0x0000000084000000, 0x0000000084000000, 0x0000000084100000|  0%| F|  |TAMS 0x0000000084000000, 0x0000000084000000| Untracked 
|  65|0x0000000084100000, 0x0000000084100000, 0x0000000084200000|  0%| F|  |TAMS 0x0000000084100000, 0x0000000084100000| Untracked 
|  66|0x0000000084200000, 0x0000000084200000, 0x0000000084300000|  0%| F|  |TAMS 0x0000000084200000, 0x0000000084200000| Untracked 
|  67|0x0000000084300000, 0x0000000084300000, 0x0000000084400000|  0%| F|  |TAMS 0x0000000084300000, 0x0000000084300000| Untracked 
|  68|0x0000000084400000, 0x0000000084400000, 0x0000000084500000|  0%| F|  |TAMS 0x0000000084400000, 0x0000000084400000| Untracked 
|  69|0x0000000084500000, 0x0000000084500000, 0x0000000084600000|  0%| F|  |TAMS 0x0000000084500000, 0x0000000084500000| Untracked 
|  70|0x0000000084600000, 0x0000000084600000, 0x0000000084700000|  0%| F|  |TAMS 0x0000000084600000, 0x0000000084600000| Untracked 
|  71|0x0000000084700000, 0x0000000084700000, 0x0000000084800000|  0%| F|  |TAMS 0x0000000084700000, 0x0000000084700000| Untracked 
|  72|0x0000000084800000, 0x0000000084800000, 0x0000000084900000|  0%| F|  |TAMS 0x0000000084800000, 0x0000000084800000| Untracked 
|  73|0x0000000084900000, 0x0000000084900000, 0x0000000084a00000|  0%| F|  |TAMS 0x0000000084900000, 0x0000000084900000| Untracked 
|  74|0x0000000084a00000, 0x0000000084a00000, 0x0000000084b00000|  0%| F|  |TAMS 0x0000000084a00000, 0x0000000084a00000| Untracked 
|  75|0x0000000084b00000, 0x0000000084b00000, 0x0000000084c00000|  0%| F|  |TAMS 0x0000000084b00000, 0x0000000084b00000| Untracked 
|  76|0x0000000084c00000, 0x0000000084c00000, 0x0000000084d00000|  0%| F|  |TAMS 0x0000000084c00000, 0x0000000084c00000| Untracked 
|  77|0x0000000084d00000, 0x0000000084d00000, 0x0000000084e00000|  0%| F|  |TAMS 0x0000000084d00000, 0x0000000084d00000| Untracked 
|  78|0x0000000084e00000, 0x0000000084e00000, 0x0000000084f00000|  0%| F|  |TAMS 0x0000000084e00000, 0x0000000084e00000| Untracked 
|  79|0x0000000084f00000, 0x0000000084f00000, 0x0000000085000000|  0%| F|  |TAMS 0x0000000084f00000, 0x0000000084f00000| Untracked 
|  80|0x0000000085000000, 0x0000000085000000, 0x0000000085100000|  0%| F|  |TAMS 0x0000000085000000, 0x0000000085000000| Untracked 
|  81|0x0000000085100000, 0x0000000085100000, 0x0000000085200000|  0%| F|  |TAMS 0x0000000085100000, 0x0000000085100000| Untracked 
|  82|0x0000000085200000, 0x0000000085200000, 0x0000000085300000|  0%| F|  |TAMS 0x0000000085200000, 0x0000000085200000| Untracked 
|  83|0x0000000085300000, 0x0000000085300000, 0x0000000085400000|  0%| F|  |TAMS 0x0000000085300000, 0x0000000085300000| Untracked 
|  84|0x0000000085400000, 0x0000000085400000, 0x0000000085500000|  0%| F|  |TAMS 0x0000000085400000, 0x0000000085400000| Untracked 
|  85|0x0000000085500000, 0x0000000085500000, 0x0000000085600000|  0%| F|  |TAMS 0x0000000085500000, 0x0000000085500000| Untracked 
|  86|0x0000000085600000, 0x0000000085600000, 0x0000000085700000|  0%| F|  |TAMS 0x0000000085600000, 0x0000000085600000| Untracked 
|  87|0x0000000085700000, 0x0000000085700000, 0x0000000085800000|  0%| F|  |TAMS 0x0000000085700000, 0x0000000085700000| Untracked 
|  88|0x0000000085800000, 0x0000000085800000, 0x0000000085900000|  0%| F|  |TAMS 0x0000000085800000, 0x0000000085800000| Untracked 
|  89|0x0000000085900000, 0x0000000085900000, 0x0000000085a00000|  0%| F|  |TAMS 0x0000000085900000, 0x0000000085900000| Untracked 
|  90|0x0000000085a00000, 0x0000000085a00000, 0x0000000085b00000|  0%| F|  |TAMS 0x0000000085a00000, 0x0000000085a00000| Untracked 
|  91|0x0000000085b00000, 0x0000000085b00000, 0x0000000085c00000|  0%| F|  |TAMS 0x0000000085b00000, 0x0000000085b00000| Untracked 
|  92|0x0000000085c00000, 0x0000000085c00000, 0x0000000085d00000|  0%| F|  |TAMS 0x0000000085c00000, 0x0000000085c00000| Untracked 
|  93|0x0000000085d00000, 0x0000000085d00000, 0x0000000085e00000|  0%| F|  |TAMS 0x0000000085d00000, 0x0000000085d00000| Untracked 
|  94|0x0000000085e00000, 0x0000000085e00000, 0x0000000085f00000|  0%| F|  |TAMS 0x0000000085e00000, 0x0000000085e00000| Untracked 
|  95|0x0000000085f00000, 0x0000000085f00000, 0x0000000086000000|  0%| F|  |TAMS 0x0000000085f00000, 0x0000000085f00000| Untracked 
|  96|0x0000000086000000, 0x0000000086000000, 0x0000000086100000|  0%| F|  |TAMS 0x0000000086000000, 0x0000000086000000| Untracked 
|  97|0x0000000086100000, 0x0000000086100000, 0x0000000086200000|  0%| F|  |TAMS 0x0000000086100000, 0x0000000086100000| Untracked 
|  98|0x0000000086200000, 0x0000000086200000, 0x0000000086300000|  0%| F|  |TAMS 0x0000000086200000, 0x0000000086200000| Untracked 
|  99|0x0000000086300000, 0x0000000086300000, 0x0000000086400000|  0%| F|  |TAMS 0x0000000086300000, 0x0000000086300000| Untracked 
| 100|0x0000000086400000, 0x0000000086400000, 0x0000000086500000|  0%| F|  |TAMS 0x0000000086400000, 0x0000000086400000| Untracked 
| 101|0x0000000086500000, 0x0000000086500000, 0x0000000086600000|  0%| F|  |TAMS 0x0000000086500000, 0x0000000086500000| Untracked 
| 102|0x0000000086600000, 0x0000000086600000, 0x0000000086700000|  0%| F|  |TAMS 0x0000000086600000, 0x0000000086600000| Untracked 
| 103|0x0000000086700000, 0x0000000086700000, 0x0000000086800000|  0%| F|  |TAMS 0x0000000086700000, 0x0000000086700000| Untracked 
| 104|0x0000000086800000, 0x0000000086800000, 0x0000000086900000|  0%| F|  |TAMS 0x0000000086800000, 0x0000000086800000| Untracked 
| 105|0x0000000086900000, 0x0000000086a00000, 0x0000000086a00000|100%| S|CS|TAMS 0x0000000086900000, 0x0000000086900000| Complete 
| 106|0x0000000086a00000, 0x0000000086b00000, 0x0000000086b00000|100%| S|CS|TAMS 0x0000000086a00000, 0x0000000086a00000| Complete 
| 107|0x0000000086b00000, 0x0000000086b00000, 0x0000000086c00000|  0%| F|  |TAMS 0x0000000086b00000, 0x0000000086b00000| Untracked 
| 108|0x0000000086c00000, 0x0000000086c00000, 0x0000000086d00000|  0%| F|  |TAMS 0x0000000086c00000, 0x0000000086c00000| Untracked 
| 109|0x0000000086d00000, 0x0000000086d00000, 0x0000000086e00000|  0%| F|  |TAMS 0x0000000086d00000, 0x0000000086d00000| Untracked 
| 110|0x0000000086e00000, 0x0000000086e00000, 0x0000000086f00000|  0%| F|  |TAMS 0x0000000086e00000, 0x0000000086e00000| Untracked 
| 111|0x0000000086f00000, 0x0000000086f00000, 0x0000000087000000|  0%| F|  |TAMS 0x0000000086f00000, 0x0000000086f00000| Untracked 
| 112|0x0000000087000000, 0x0000000087000000, 0x0000000087100000|  0%| F|  |TAMS 0x0000000087000000, 0x0000000087000000| Untracked 
| 113|0x0000000087100000, 0x0000000087100000, 0x0000000087200000|  0%| F|  |TAMS 0x0000000087100000, 0x0000000087100000| Untracked 
| 114|0x0000000087200000, 0x0000000087200000, 0x0000000087300000|  0%| F|  |TAMS 0x0000000087200000, 0x0000000087200000| Untracked 
| 115|0x0000000087300000, 0x0000000087300000, 0x0000000087400000|  0%| F|  |TAMS 0x0000000087300000, 0x0000000087300000| Untracked 
| 116|0x0000000087400000, 0x0000000087400000, 0x0000000087500000|  0%| F|  |TAMS 0x0000000087400000, 0x0000000087400000| Untracked 
| 117|0x0000000087500000, 0x0000000087500000, 0x0000000087600000|  0%| F|  |TAMS 0x0000000087500000, 0x0000000087500000| Untracked 
| 118|0x0000000087600000, 0x0000000087600000, 0x0000000087700000|  0%| F|  |TAMS 0x0000000087600000, 0x0000000087600000| Untracked 
| 119|0x0000000087700000, 0x0000000087700000, 0x0000000087800000|  0%| F|  |TAMS 0x0000000087700000, 0x0000000087700000| Untracked 
| 120|0x0000000087800000, 0x0000000087800000, 0x0000000087900000|  0%| F|  |TAMS 0x0000000087800000, 0x0000000087800000| Untracked 
| 121|0x0000000087900000, 0x0000000087900000, 0x0000000087a00000|  0%| F|  |TAMS 0x0000000087900000, 0x0000000087900000| Untracked 
| 122|0x0000000087a00000, 0x0000000087a00000, 0x0000000087b00000|  0%| F|  |TAMS 0x0000000087a00000, 0x0000000087a00000| Untracked 
| 123|0x0000000087b00000, 0x0000000087b00000, 0x0000000087c00000|  0%| F|  |TAMS 0x0000000087b00000, 0x0000000087b00000| Untracked 
| 124|0x0000000087c00000, 0x0000000087c00000, 0x0000000087d00000|  0%| F|  |TAMS 0x0000000087c00000, 0x0000000087c00000| Untracked 
| 125|0x0000000087d00000, 0x0000000087d00000, 0x0000000087e00000|  0%| F|  |TAMS 0x0000000087d00000, 0x0000000087d00000| Untracked 
| 126|0x0000000087e00000, 0x0000000087e00000, 0x0000000087f00000|  0%| F|  |TAMS 0x0000000087e00000, 0x0000000087e00000| Untracked 
| 127|0x0000000087f00000, 0x0000000087f00000, 0x0000000088000000|  0%| F|  |TAMS 0x0000000087f00000, 0x0000000087f00000| Untracked 

Card table byte_map: [0x0000026dca700000,0x0000026dcab00000] _byte_map_base: 0x0000026dca300000

Marking Bits (Prev, Next): (CMBitMap*) 0x0000026db408b1b8, (CMBitMap*) 0x0000026db408b1f0
 Prev Bits: [0x0000026dcaf00000, 0x0000026dccf00000)
 Next Bits: [0x0000026dccf00000, 0x0000026dcef00000)

Polling page: 0x0000026db2040000

Metaspace:

Usage:
  Non-class:     18.19 MB capacity,    17.92 MB ( 99%) used,   214.93 KB (  1%) free+waste,    55.13 KB ( <1%) overhead. 
      Class:      2.48 MB capacity,     2.28 MB ( 92%) used,   177.93 KB (  7%) free+waste,    27.75 KB (  1%) overhead. 
       Both:     20.67 MB capacity,    20.20 MB ( 98%) used,   392.86 KB (  2%) free+waste,    82.88 KB ( <1%) overhead. 

Virtual space:
  Non-class space:       20.00 MB reserved,      18.25 MB ( 91%) committed 
      Class space:        1.00 GB reserved,       2.50 MB ( <1%) committed 
             Both:        1.02 GB reserved,      20.75 MB (  2%) committed 

Chunk freelists:
   Non-Class:  0 bytes
       Class:  2.38 KB
        Both:  2.38 KB

CodeHeap 'non-profiled nmethods': size=120064Kb used=655Kb max_used=655Kb free=119408Kb
 bounds [0x0000026dc31c0000, 0x0000026dc3430000, 0x0000026dca700000]
CodeHeap 'profiled nmethods': size=120000Kb used=3728Kb max_used=3728Kb free=116271Kb
 bounds [0x0000026dbbc90000, 0x0000026dbc040000, 0x0000026dc31c0000]
CodeHeap 'non-nmethods': size=5696Kb used=1131Kb max_used=1149Kb free=4565Kb
 bounds [0x0000026dbb700000, 0x0000026dbb970000, 0x0000026dbbc90000]
 total_blobs=2394 nmethods=1958 adapters=347
 compilation: enabled
              stopped_count=0, restarted_count=0
 full_count=0

Compilation events (10 events):
Event: 2.933 Thread 0x0000026dd1cec000 nmethod 1952 0x0000026dbc031890 code [0x0000026dbc031b00, 0x0000026dbc0326d8]
Event: 2.933 Thread 0x0000026dd1cec000 1953       3       jdk.internal.reflect.ClassFileAssembler::emitConstantPoolUTF8 (50 bytes)
Event: 2.934 Thread 0x0000026dd1cec000 nmethod 1953 0x0000026dbc032d10 code [0x0000026dbc032f40, 0x0000026dbc033568]
Event: 2.934 Thread 0x0000026dd1cec000 1956       3       jdk.internal.reflect.ByteVectorImpl::get (26 bytes)
Event: 2.934 Thread 0x0000026dd1cec000 nmethod 1956 0x0000026dbc033910 code [0x0000026dbc033ac0, 0x0000026dbc033c88]
Event: 2.935 Thread 0x0000026dd133a800 nmethod 1955 0x0000026dc3263790 code [0x0000026dc3263920, 0x0000026dc3263a48]
Event: 2.936 Thread 0x0000026dd1cec000 1957       3       java.util.Arrays$ArrayList::size (6 bytes)
Event: 2.936 Thread 0x0000026dd1cec000 nmethod 1957 0x0000026dbc033d90 code [0x0000026dbc033f20, 0x0000026dbc034038]
Event: 2.937 Thread 0x0000026dd133a800 1958       4       java.lang.invoke.MethodTypeForm::canonicalize (233 bytes)
Event: 2.938 Thread 0x0000026dd133a800 nmethod 1958 0x0000026dc3263b90 code [0x0000026dc3263d20, 0x0000026dc3263df8]

GC Heap History (9 events):
Event: 0.589 GC heap before
{Heap before GC invocations=0 (full 0):
 garbage-first heap   total 131072K, used 7168K [0x0000000080000000, 0x0000000100000000)
  region size 1024K, 7 young (7168K), 0 survivors (0K)
 Metaspace       used 6534K, capacity 6643K, committed 6784K, reserved 1056768K
  class space    used 570K, capacity 638K, committed 640K, reserved 1048576K
}
Event: 0.595 GC heap after
{Heap after GC invocations=1 (full 0):
 garbage-first heap   total 131072K, used 3818K [0x0000000080000000, 0x0000000100000000)
  region size 1024K, 1 young (1024K), 1 survivors (1024K)
 Metaspace       used 6534K, capacity 6643K, committed 6784K, reserved 1056768K
  class space    used 570K, capacity 638K, committed 640K, reserved 1048576K
}
Event: 0.981 GC heap before
{Heap before GC invocations=1 (full 0):
 garbage-first heap   total 131072K, used 8938K [0x0000000080000000, 0x0000000100000000)
  region size 1024K, 6 young (6144K), 1 survivors (1024K)
 Metaspace       used 9490K, capacity 9619K, committed 9984K, reserved 1058816K
  class space    used 860K, capacity 905K, committed 1024K, reserved 1048576K
}
Event: 0.986 GC heap after
{Heap after GC invocations=2 (full 0):
 garbage-first heap   total 131072K, used 4806K [0x0000000080000000, 0x0000000100000000)
  region size 1024K, 1 young (1024K), 1 survivors (1024K)
 Metaspace       used 9490K, capacity 9619K, committed 9984K, reserved 1058816K
  class space    used 860K, capacity 905K, committed 1024K, reserved 1048576K
}
Event: 1.512 GC heap before
{Heap before GC invocations=2 (full 0):
 garbage-first heap   total 131072K, used 15046K [0x0000000080000000, 0x0000000100000000)
  region size 1024K, 11 young (11264K), 1 survivors (1024K)
 Metaspace       used 12927K, capacity 13163K, committed 13184K, reserved 1060864K
  class space    used 1279K, capacity 1396K, committed 1408K, reserved 1048576K
}
Event: 1.518 GC heap after
{Heap after GC invocations=3 (full 0):
 garbage-first heap   total 131072K, used 5571K [0x0000000080000000, 0x0000000100000000)
  region size 1024K, 2 young (2048K), 2 survivors (2048K)
 Metaspace       used 12927K, capacity 13163K, committed 13184K, reserved 1060864K
  class space    used 1279K, capacity 1396K, committed 1408K, reserved 1048576K
}
Event: 2.334 GC heap before
{Heap before GC invocations=3 (full 0):
 garbage-first heap   total 131072K, used 19907K [0x0000000080000000, 0x0000000100000000)
  region size 1024K, 16 young (16384K), 2 survivors (2048K)
 Metaspace       used 16918K, capacity 17369K, committed 17664K, reserved 1064960K
  class space    used 1829K, capacity 2004K, committed 2048K, reserved 1048576K
}
Event: 2.343 GC heap after
{Heap after GC invocations=4 (full 0):
 garbage-first heap   total 131072K, used 6611K [0x0000000080000000, 0x0000000100000000)
  region size 1024K, 2 young (2048K), 2 survivors (2048K)
 Metaspace       used 16918K, capacity 17369K, committed 17664K, reserved 1064960K
  class space    used 1829K, capacity 2004K, committed 2048K, reserved 1048576K
}
Event: 2.939 GC heap before
{Heap before GC invocations=4 (full 0):
 garbage-first heap   total 131072K, used 24019K [0x0000000080000000, 0x0000000100000000)
  region size 1024K, 21 young (21504K), 2 survivors (2048K)
 Metaspace       used 20689K, capacity 21165K, committed 21248K, reserved 1069056K
  class space    used 2335K, capacity 2541K, committed 2560K, reserved 1048576K
}

Deoptimization events (10 events):
Event: 2.107 Thread 0x0000026db404d000 Uncommon trap: reason=unstable_if action=reinterpret pc=0x0000026dc3233ad0 method=org.springframework.boot.context.properties.source.ConfigurationPropertyName$ElementsParser.parse(Ljava/util/function/Function;)Lorg/springframework/boot/context/properties/
Event: 2.157 Thread 0x0000026db404d000 Uncommon trap: reason=unstable_if action=reinterpret pc=0x0000026dc32170ec method=java.util.HashMap.putVal(ILjava/lang/Object;Ljava/lang/Object;ZZ)Ljava/lang/Object; @ 181 c2
Event: 2.265 Thread 0x0000026db404d000 Uncommon trap: reason=unstable_if action=reinterpret pc=0x0000026dc324108c method=java.util.Arrays.equals([Ljava/lang/Object;[Ljava/lang/Object;)Z @ 23 c2
Event: 2.417 Thread 0x0000026dd27ed000 Uncommon trap: reason=unstable_if action=reinterpret pc=0x0000026dc3218704 method=sun.net.www.ParseUtil.firstEncodeIndex(Ljava/lang/String;)I @ 51 c2
Event: 2.577 Thread 0x0000026db404d000 Uncommon trap: reason=unstable_if action=reinterpret pc=0x0000026dc31fb340 method=java.util.HashMap.hash(Ljava/lang/Object;)I @ 1 c2
Event: 2.707 Thread 0x0000026db404d000 Uncommon trap: reason=unstable_if action=reinterpret pc=0x0000026dc31f70f8 method=java.util.HashMap.getNode(ILjava/lang/Object;)Ljava/util/HashMap$Node; @ 129 c2
Event: 2.819 Thread 0x0000026dd27ed000 Uncommon trap: reason=unstable_if action=reinterpret pc=0x0000026dc3223b6c method=java.util.concurrent.ConcurrentHashMap.addCount(JI)V @ 168 c2
Event: 2.821 Thread 0x0000026db404d000 Uncommon trap: reason=unstable_if action=reinterpret pc=0x0000026dc3223b6c method=java.util.concurrent.ConcurrentHashMap.addCount(JI)V @ 168 c2
Event: 2.922 Thread 0x0000026dd27ed000 Uncommon trap: reason=bimorphic_or_optimized_type_check action=maybe_recompile pc=0x0000026dc325b5f0 method=java.util.HashMap.getNode(ILjava/lang/Object;)Ljava/util/HashMap$Node; @ 126 c2
Event: 2.929 Thread 0x0000026db404d000 Uncommon trap: reason=bimorphic_or_optimized_type_check action=maybe_recompile pc=0x0000026dc3261938 method=java.util.HashMap.getNode(ILjava/lang/Object;)Ljava/util/HashMap$Node; @ 126 c2

Classes redefined (0 events):
No events

Internal exceptions (10 events):
Event: 2.077 Thread 0x0000026db404d000 Exception <a 'java/lang/NoSuchMethodError'{0x00000000877fa718}: java.lang.invoke.Invokers$Holder.linkToTargetMethod(Ljava/lang/Object;Ljava/lang/Object;ILjava/lang/Object;Ljava/lang/Object;)Ljava/lang/Object;> (0x00000000877fa718) thrown at [./open/src/ho
Event: 2.078 Thread 0x0000026db404d000 Exception <a 'java/lang/NoSuchMethodError'{0x0000000087602e50}: java.lang.invoke.DirectMethodHandle$Holder.invokeStatic(Ljava/lang/Object;ILjava/lang/Object;Ljava/lang/Object;)I> (0x0000000087602e50) thrown at [./open/src/hotspot/share/interpreter/linkRes
Event: 2.079 Thread 0x0000026db404d000 Exception <a 'java/lang/NoSuchMethodError'{0x0000000087609f58}: java.lang.invoke.DirectMethodHandle$Holder.invokeStatic(Ljava/lang/Object;ILjava/lang/Object;)Ljava/lang/Object;> (0x0000000087609f58) thrown at [./open/src/hotspot/share/interpreter/linkReso
Event: 2.080 Thread 0x0000026db404d000 Exception <a 'java/lang/NoSuchMethodError'{0x000000008760e300}: java.lang.invoke.DirectMethodHandle$Holder.invokeSpecialIFC(Ljava/lang/Object;Ljava/lang/Object;Ljava/lang/Object;Ljava/lang/Object;)I> (0x000000008760e300) thrown at [./open/src/hotspot/shar
Event: 2.217 Thread 0x0000026db404d000 Exception <a 'java/lang/NoSuchMethodError'{0x000000008726f350}: java.lang.invoke.DirectMethodHandle$Holder.invokeStaticInit(Ljava/lang/Object;Ljava/lang/Object;)V> (0x000000008726f350) thrown at [./open/src/hotspot/share/interpreter/linkResolver.cpp, line
Event: 2.219 Thread 0x0000026db404d000 Exception <a 'java/lang/NoSuchMethodError'{0x000000008727bae8}: java.lang.invoke.DirectMethodHandle$Holder.invokeStaticInit(Ljava/lang/Object;Ljava/lang/Object;Ljava/lang/Object;)V> (0x000000008727bae8) thrown at [./open/src/hotspot/share/interpreter/link
Event: 2.282 Thread 0x0000026db404d000 Exception <a 'java/lang/NoSuchMethodError'{0x000000008716f628}: java.lang.invoke.DirectMethodHandle$Holder.invokeVirtual(Ljava/lang/Object;Ljava/lang/Object;Ljava/lang/Object;Ljava/lang/Object;)V> (0x000000008716f628) thrown at [./open/src/hotspot/share/i
Event: 2.354 Thread 0x0000026db404d000 Exception <a 'java/lang/NoSuchMethodError'{0x0000000087f4e1f0}: java.lang.invoke.DirectMethodHandle$Holder.invokeSpecial(Ljava/lang/Object;Ljava/lang/Object;Ljava/lang/Object;Ljava/lang/Object;Ljava/lang/Object;)V> (0x0000000087f4e1f0) thrown at [./open/s
Event: 2.575 Thread 0x0000026db404d000 Exception <a 'java/lang/NoSuchMethodError'{0x00000000876654d0}: org.slf4j.impl.StaticMDCBinder.getSingleton()Lorg/slf4j/impl/StaticMDCBinder;> (0x00000000876654d0) thrown at [./open/src/hotspot/share/interpreter/linkResolver.cpp, line 772]
Event: 2.577 Thread 0x0000026db404d000 Implicit null exception at 0x0000026dc31faef5 to 0x0000026dc31fb32c

Events (10 events):
Event: 2.936 loading class org/hibernate/validator/internal/engine/constraintvalidation/ConstraintValidatorManagerImpl done
Event: 2.937 loading class org/hibernate/validator/internal/engine/constraintvalidation/AbstractConstraintValidatorManagerImpl
Event: 2.937 loading class org/hibernate/validator/internal/engine/constraintvalidation/AbstractConstraintValidatorManagerImpl done
Event: 2.937 loading class javax/validation/metadata/ConstraintDescriptor
Event: 2.937 loading class javax/validation/metadata/ConstraintDescriptor done
Event: 2.938 loading class javax/validation/ConstraintValidator
Event: 2.938 loading class javax/validation/ConstraintValidator done
Event: 2.939 loading class com/sun/beans/finder/ClassFinder
Event: 2.939 Executing VM operation: CollectForMetadataAllocation
Event: 2.939 loading class com/sun/beans/finder/ClassFinder done


Dynamic libraries:
0x00007ff758910000 - 0x00007ff75891f000 	C:\Program Files\Java\jdk-11.0.15\bin\java.exe
0x00007ffd7e570000 - 0x00007ffd7e768000 	C:\Windows\SYSTEM32\ntdll.dll
0x00007ffd7dcc0000 - 0x00007ffd7dd7d000 	C:\Windows\System32\KERNEL32.DLL
0x00007ffd7bcc0000 - 0x00007ffd7bf8e000 	C:\Windows\System32\KERNELBASE.dll
0x00007ffd7c1e0000 - 0x00007ffd7c2e0000 	C:\Windows\System32\ucrtbase.dll
0x00007ffd68260000 - 0x00007ffd68278000 	C:\Program Files\Java\jdk-11.0.15\bin\jli.dll
0x00007ffd7c700000 - 0x00007ffd7c7ae000 	C:\Windows\System32\ADVAPI32.dll
0x00007ffd7d870000 - 0x00007ffd7d90e000 	C:\Windows\System32\msvcrt.dll
0x00007ffd7d320000 - 0x00007ffd7d3bc000 	C:\Windows\System32\sechost.dll
0x00007ffd7c5d0000 - 0x00007ffd7c6f5000 	C:\Windows\System32\RPCRT4.dll
0x00007ffd7d9f0000 - 0x00007ffd7db90000 	C:\Windows\System32\USER32.dll
0x00007ffd7c5a0000 - 0x00007ffd7c5c2000 	C:\Windows\System32\win32u.dll
0x00007ffd7e500000 - 0x00007ffd7e52a000 	C:\Windows\System32\GDI32.dll
0x00007ffd7c2e0000 - 0x00007ffd7c3eb000 	C:\Windows\System32\gdi32full.dll
0x00007ffd7bf90000 - 0x00007ffd7c02d000 	C:\Windows\System32\msvcp_win.dll
0x00007ffd68240000 - 0x00007ffd68255000 	C:\Program Files\Java\jdk-11.0.15\bin\VCRUNTIME140.dll
0x00007ffd67fa0000 - 0x00007ffd6823a000 	C:\Windows\WinSxS\amd64_microsoft.windows.common-controls_6595b64144ccf1df_6.0.19041.1110_none_60b5254171f9507e\COMCTL32.dll
0x00007ffd73e50000 - 0x00007ffd73e5a000 	C:\Windows\SYSTEM32\VERSION.dll
0x00007ffd7cb90000 - 0x00007ffd7cbc0000 	C:\Windows\System32\IMM32.DLL
0x00007ffd67ed0000 - 0x00007ffd67f6b000 	C:\Program Files\Java\jdk-11.0.15\bin\msvcp140.dll
0x00007ffd673b0000 - 0x00007ffd67ec6000 	C:\Program Files\Java\jdk-11.0.15\bin\server\jvm.dll
0x00007ffd7d7d0000 - 0x00007ffd7d7d8000 	C:\Windows\System32\PSAPI.DLL
0x00007ffd673a0000 - 0x00007ffd673a9000 	C:\Windows\SYSTEM32\WSOCK32.dll
0x00007ffd7e490000 - 0x00007ffd7e4fb000 	C:\Windows\System32\WS2_32.dll
0x00007ffd6f310000 - 0x00007ffd6f337000 	C:\Windows\SYSTEM32\WINMM.dll
0x00007ffd79b70000 - 0x00007ffd79b82000 	C:\Windows\SYSTEM32\kernel.appcore.dll
0x00007ffd672d0000 - 0x00007ffd672e0000 	C:\Program Files\Java\jdk-11.0.15\bin\verify.dll
0x00007ffd6f390000 - 0x00007ffd6f574000 	C:\Windows\SYSTEM32\DBGHELP.DLL
0x00007ffd6f210000 - 0x00007ffd6f23c000 	C:\Windows\SYSTEM32\dbgcore.DLL
0x00007ffd7c0e0000 - 0x00007ffd7c162000 	C:\Windows\System32\bcryptPrimitives.dll
0x00007ffd672a0000 - 0x00007ffd672c8000 	C:\Program Files\Java\jdk-11.0.15\bin\java.dll
0x00007ffd67290000 - 0x00007ffd6729a000 	C:\Program Files\Java\jdk-11.0.15\bin\jimage.dll
0x00007ffd64050000 - 0x00007ffd6405e000 	C:\Program Files\Java\jdk-11.0.15\bin\instrument.dll
0x00007ffd67270000 - 0x00007ffd67286000 	C:\Program Files\Java\jdk-11.0.15\bin\zip.dll
0x00007ffd7cbd0000 - 0x00007ffd7d314000 	C:\Windows\System32\SHELL32.dll
0x00007ffd79d70000 - 0x00007ffd7a504000 	C:\Windows\SYSTEM32\windows.storage.dll
0x00007ffd7d470000 - 0x00007ffd7d7c4000 	C:\Windows\System32\combase.dll
0x00007ffd7b540000 - 0x00007ffd7b570000 	C:\Windows\SYSTEM32\Wldp.dll
0x00007ffd7d3c0000 - 0x00007ffd7d46d000 	C:\Windows\System32\SHCORE.dll
0x00007ffd7ca80000 - 0x00007ffd7cad5000 	C:\Windows\System32\shlwapi.dll
0x00007ffd7bbd0000 - 0x00007ffd7bbef000 	C:\Windows\SYSTEM32\profapi.dll
0x00007ffd685c0000 - 0x00007ffd685d9000 	C:\Program Files\Java\jdk-11.0.15\bin\net.dll
0x00007ffd73740000 - 0x00007ffd7384a000 	C:\Windows\SYSTEM32\WINHTTP.dll
0x00007ffd7b320000 - 0x00007ffd7b38a000 	C:\Windows\system32\mswsock.dll
0x00007ffd685a0000 - 0x00007ffd685b2000 	C:\Program Files\Java\jdk-11.0.15\bin\nio.dll
0x00007ffd63d30000 - 0x00007ffd63d4a000 	C:\Program Files\JetBrains\IntelliJ IDEA Community Edition 2022.2.1\bin\breakgen64.dll
0x00007ffd7b030000 - 0x00007ffd7b06b000 	C:\Windows\SYSTEM32\IPHLPAPI.DLL
0x00007ffd7e480000 - 0x00007ffd7e488000 	C:\Windows\System32\NSI.dll
0x00007ffd74470000 - 0x00007ffd74487000 	C:\Windows\SYSTEM32\dhcpcsvc6.DLL
0x00007ffd74450000 - 0x00007ffd7446d000 	C:\Windows\SYSTEM32\dhcpcsvc.DLL
0x00007ffd7b080000 - 0x00007ffd7b14a000 	C:\Windows\SYSTEM32\DNSAPI.dll
0x00007ffd72e00000 - 0x00007ffd72e0a000 	C:\Windows\System32\rasadhlp.dll
0x00007ffd73850000 - 0x00007ffd738d0000 	C:\Windows\System32\fwpuclnt.dll
0x00007ffd7bc90000 - 0x00007ffd7bcb7000 	C:\Windows\System32\bcrypt.dll
0x00007ffd68280000 - 0x00007ffd68289000 	C:\Program Files\Java\jdk-11.0.15\bin\management.dll
0x00007ffd67f70000 - 0x00007ffd67f7b000 	C:\Program Files\Java\jdk-11.0.15\bin\management_ext.dll
0x00007ffd68f70000 - 0x00007ffd68f87000 	C:\Windows\system32\napinsp.dll
0x00007ffd68f50000 - 0x00007ffd68f6b000 	C:\Windows\system32\pnrpnsp.dll
0x00007ffd68f30000 - 0x00007ffd68f45000 	C:\Windows\system32\wshbth.dll
0x00007ffd77650000 - 0x00007ffd7766d000 	C:\Windows\system32\NLAapi.dll
0x00007ffd68f10000 - 0x00007ffd68f22000 	C:\Windows\System32\winrnr.dll

dbghelp: loaded successfully - version: 4.0.5 - missing functions: none
symbol engine: initialized successfully - sym options: 0x614 - pdb path: .;C:\Program Files\Java\jdk-11.0.15\bin;C:\Windows\SYSTEM32;C:\Windows\WinSxS\amd64_microsoft.windows.common-controls_6595b64144ccf1df_6.0.19041.1110_none_60b5254171f9507e;C:\Program Files\Java\jdk-11.0.15\bin\server;C:\Program Files\JetBrains\IntelliJ IDEA Community Edition 2022.2.1\bin

VM Arguments:
jvm_args: -javaagent:C:\Program Files\JetBrains\IntelliJ IDEA Community Edition 2022.2.1\lib\idea_rt.jar=53149:C:\Program Files\JetBrains\IntelliJ IDEA Community Edition 2022.2.1\bin -Dfile.encoding=UTF-8 
java_command: com.training.example.ConfigServerApplication
java_class_path (initial): C:\Users\sfjbs\Downloads\spring-cloud-config-local-main\spring-cloud-config-local-main\spring-cloud-config-server\target\classes;C:\Users\sfjbs\.m2\repository\org\springframework\cloud\spring-cloud-config-server\3.1.1\spring-cloud-config-server-3.1.1.jar;C:\Users\sfjbs\.m2\repository\org\springframework\cloud\spring-cloud-config-client\3.1.1\spring-cloud-config-client-3.1.1.jar;C:\Users\sfjbs\.m2\repository\org\springframework\boot\spring-boot-autoconfigure\2.6.2\spring-boot-autoconfigure-2.6.2.jar;C:\Users\sfjbs\.m2\repository\org\springframework\boot\spring-boot\2.6.2\spring-boot-2.6.2.jar;C:\Users\sfjbs\.m2\repository\org\springframework\cloud\spring-cloud-commons\3.1.1\spring-cloud-commons-3.1.1.jar;C:\Users\sfjbs\.m2\repository\org\springframework\cloud\spring-cloud-context\3.1.1\spring-cloud-context-3.1.1.jar;C:\Users\sfjbs\.m2\repository\org\springframework\spring-web\5.3.14\spring-web-5.3.14.jar;C:\Users\sfjbs\.m2\repository\org\springframework\spring-beans\5.3.14\spring-beans-5.3.14.jar;C:\Users\sfjbs\.m2\repository\org\springframework\spring-core\5.3.14\spring-core-5.3.14.jar;C:\Users\sfjbs\.m2\repository\org\springframework\spring-jcl\5.3.14\spring-jcl-5.3.14.jar;C:\Users\sfjbs\.m2\repository\com\fasterxml\jackson\core\jackson-annotations\2.13.1\jackson-annotations-2.13.1.jar;C:\Users\sfjbs\.m2\repository\com\fasterxml\jackson\core\jackson-databind\2.13.1\jackson-databind-2.13.1.jar;C:\Users\sfjbs\.m2\repository\org\apache\httpcomponents\httpclient\4.5.13\httpclient-4.5.13.jar;C:\Users\sfjbs\.m2\repository\commons-codec\commons-codec\1.15\commons-codec-1.15.jar;C:\Users\sfjbs\.m2\repository\org\springframework\boot\spring-boot-starter-web\2.6.2\spring-boot-starter-web-2.6.2.jar;C:\Users\sfjbs\.m2\repository\org\springframework\boot\spring-boot-starter\2.6.2\spring-boot-starter-2.6.2.jar;C:\Users\sfjbs\.m2\repository\org\springframework\boot\spring-boot-starter-logging\2.6.2\spring-boot-starter-logging-2.6.2.jar;C:\Users\sfjbs\
Launcher Type: SUN_STANDARD

[Global flags]
     intx CICompilerCount                          = 2                                         {product} {ergonomic}
     uint ConcGCThreads                            = 1                                         {product} {ergonomic}
     uint G1ConcRefinementThreads                  = 2                                         {product} {ergonomic}
   size_t G1HeapRegionSize                         = 1048576                                   {product} {ergonomic}
    uintx GCDrainStackTargetSize                   = 64                                        {product} {ergonomic}
   size_t InitialHeapSize                          = 134217728                                 {product} {ergonomic}
   size_t MarkStackSize                            = 4194304                                   {product} {ergonomic}
   size_t MaxHeapSize                              = 2147483648                                {product} {ergonomic}
   size_t MaxNewSize                               = 1287651328                                {product} {ergonomic}
   size_t MinHeapDeltaBytes                        = 1048576                                   {product} {ergonomic}
    uintx NonNMethodCodeHeapSize                   = 5825164                                {pd product} {ergonomic}
    uintx NonProfiledCodeHeapSize                  = 122916538                              {pd product} {ergonomic}
    uintx ProfiledCodeHeapSize                     = 122916538                              {pd product} {ergonomic}
    uintx ReservedCodeCacheSize                    = 251658240                              {pd product} {ergonomic}
     bool SegmentedCodeCache                       = true                                      {product} {ergonomic}
     bool UseCompressedClassPointers               = true                                 {lp64_product} {ergonomic}
     bool UseCompressedOops                        = true                                 {lp64_product} {ergonomic}
     bool UseG1GC                                  = true                                      {product} {ergonomic}
     bool UseLargePagesIndividualAllocation        = false                                  {pd product} {ergonomic}

Logging:
Log output configuration:
 #0: stdout all=warning uptime,level,tags
 #1: stderr all=off uptime,level,tags

Environment Variables:
PATH=C:\Program Files\Common Files\Oracle\Java\javapath;C:\Windows\system32;C:\Windows;C:\Windows\System32\Wbem;C:\Windows\System32\WindowsPowerShell\v1.0\;C:\Windows\System32\OpenSSH\;C:\Program Files\PuTTY\;C:\Program Files\Git\cmd;C:\Program Files\Docker\Docker\resources\bin;C:\ProgramData\DockerDesktop\version-bin;C:\Users\sfjbs\Downloads\apache-maven-3.8.6-bin\apache-maven-3.8.6\bin;C:\Users\sfjbs\Downloads\apache-maven-3.8.6-bin\apache-maven-3.8.6\lib;C:\Users\sfjbs\AppData\Local\Microsoft\WindowsApps;C:\Program Files\JetBrains\IntelliJ IDEA Community Edition 2022.2.1\bin;;C:\Users\sfjbs\Downloads\apache-maven-3.8.6-bin\apache-maven-3.8.6\bin;C:\Users\sfjbs\Downloads\apache-maven-3.8.6-bin\apache-maven-3.8.6\lib;
USERNAME=sfjbs
OS=Windows_NT
PROCESSOR_IDENTIFIER=Intel64 Family 6 Model 85 Stepping 7, GenuineIntel



---------------  S Y S T E M  ---------------

OS: Windows 10 , 64 bit Build 19041 (10.0.19041.1889)
Hyper-V role detected

CPU:total 2 (initial active 2) (1 cores per cpu, 2 threads per core) family 6 model 85 stepping 7 microcode 0xffffffff, cmov, cx8, fxsr, mmx, sse, sse2, sse3, ssse3, sse4.1, sse4.2, popcnt, avx, avx2, aes, clmul, erms, rtm, 3dnowpref, lzcnt, ht, tsc, bmi1, bmi2, adx, evex, fma

Memory: 4k page, system-wide physical 8190M (1633M free)
TotalPageFile size 10238M (AvailPageFile size 16M)
current process WorkingSet (physical memory assigned to process): 98M, peak: 98M
current process commit charge ("private bytes"): 226M, peak: 252M

vm_info: Java HotSpot(TM) 64-Bit Server VM (11.0.15+8-LTS-149) for windows-amd64 JRE (11.0.15+8-LTS-149), built on Mar  9 2022 22:42:32 by "mach5one" with MS VC++ 15.9 (VS2017)

END.
