#
# There is insufficient memory for the Java Runtime Environment to continue.
# Native memory allocation (malloc) failed to allocate 2044816 bytes for Chunk::new
# Possible reasons:
#   The system is out of physical RAM or swap space
#   The process is running with CompressedOops enabled, and the Java Heap may be blocking the growth of the native heap
# Possible solutions:
#   Reduce memory load on the system
#   Increase physical memory or swap space
#   Check if swap backing store is full
#   Decrease Java heap size (-Xmx/-Xms)
#   Decrease number of Java threads
#   Decrease Java thread stack sizes (-Xss)
#   Set larger code cache with -XX:ReservedCodeCacheSize=
#   JVM is running with Unscaled Compressed Oops mode in which the Java heap is
#     placed in the first 4GB address space. The Java Heap base address is the
#     maximum limit for the native heap growth. Please use -XX:HeapBaseMinAddress
#     to set the Java Heap base and to place the Java Heap above 4GB virtual address.
# This output file may be truncated or incomplete.
#
#  Out of Memory Error (./open/src/hotspot/share/memory/arena.cpp:197), pid=7796, tid=1592
#
# JRE version: Java(TM) SE Runtime Environment 18.9 (11.0.15+8) (build 11.0.15+8-LTS-149)
# Java VM: Java HotSpot(TM) 64-Bit Server VM 18.9 (11.0.15+8-LTS-149, mixed mode, tiered, compressed oops, g1 gc, windows-amd64)
# No core dump will be written. Minidumps are not enabled by default on client versions of Windows
#

---------------  S U M M A R Y ------------

Command Line: -javaagent:C:\Program Files\JetBrains\IntelliJ IDEA Community Edition 2022.2.1\lib\idea_rt.jar=58353:C:\Program Files\JetBrains\IntelliJ IDEA Community Edition 2022.2.1\bin -Dfile.encoding=UTF-8 com.training.example.ConfigServerApplication

Host: Intel(R) Xeon(R) Platinum 8272CL CPU @ 2.60GHz, 2 cores, 7G,  Windows 10 , 64 bit Build 19041 (10.0.19041.1889)
Time: Mon Sep  5 05:42:44 2022 Coordinated Universal Time elapsed time: 139.230414 seconds (0d 0h 2m 19s)

---------------  T H R E A D  ---------------

Current thread (0x000001cccd188800):  JavaThread "C2 CompilerThread0" daemon [_thread_in_native, id=1592, stack(0x0000008c6d400000,0x0000008c6d500000)]


Current CompileTask:
C2: 139230 4367   !   4       jdk.internal.loader.BuiltinClassLoader::findClassOnClassPathOrNull (64 bytes)

Stack: [0x0000008c6d400000,0x0000008c6d500000]
Native frames: (J=compiled Java code, j=interpreted, Vv=VM code, C=native code)
V  [jvm.dll+0x629d8a]
V  [jvm.dll+0x7638ff]
V  [jvm.dll+0x764fa9]
V  [jvm.dll+0x765633]
V  [jvm.dll+0x23d9c8]
V  [jvm.dll+0xb2a1c]
V  [jvm.dll+0xb2fdc]
V  [jvm.dll+0x341047]
V  [jvm.dll+0x30e9b3]
V  [jvm.dll+0x30dcfa]
V  [jvm.dll+0x1f8565]
V  [jvm.dll+0x1f774d]
V  [jvm.dll+0x177c51]
V  [jvm.dll+0x207026]
V  [jvm.dll+0x2051bb]
V  [jvm.dll+0x729820]
V  [jvm.dll+0x7223f4]
V  [jvm.dll+0x628c26]
C  [ucrtbase.dll+0x21bb2]
C  [KERNEL32.DLL+0x17034]
C  [ntdll.dll+0x52651]


---------------  P R O C E S S  ---------------

Threads class SMR info:
_java_thread_list=0x000001cccf2d1250, length=18, elements={
0x000001cccd174800, 0x000001cccd176000, 0x000001cccdb12800, 0x000001cccdb13000,
0x000001cccd181800, 0x000001cccd188800, 0x000001cccd199800, 0x000001cccdb48800,
0x000001cccd106000, 0x000001cccdece000, 0x000001ccd10e8800, 0x000001cccee62800,
0x000001ccd15c2000, 0x000001ccce620800, 0x000001cccf295800, 0x000001ccd15fb800,
0x000001ccafe9d000, 0x000001ccd14b5800
}

Java Threads: ( => current thread )
  0x000001cccd174800 JavaThread "Reference Handler" daemon [_thread_blocked, id=6748, stack(0x0000008c6cf00000,0x0000008c6d000000)]
  0x000001cccd176000 JavaThread "Finalizer" daemon [_thread_blocked, id=8528, stack(0x0000008c6d000000,0x0000008c6d100000)]
  0x000001cccdb12800 JavaThread "Signal Dispatcher" daemon [_thread_blocked, id=4916, stack(0x0000008c6d100000,0x0000008c6d200000)]
  0x000001cccdb13000 JavaThread "Attach Listener" daemon [_thread_blocked, id=7608, stack(0x0000008c6d200000,0x0000008c6d300000)]
  0x000001cccd181800 JavaThread "Service Thread" daemon [_thread_blocked, id=10264, stack(0x0000008c6d300000,0x0000008c6d400000)]
=>0x000001cccd188800 JavaThread "C2 CompilerThread0" daemon [_thread_in_native, id=1592, stack(0x0000008c6d400000,0x0000008c6d500000)]
  0x000001cccd199800 JavaThread "C1 CompilerThread0" daemon [_thread_blocked, id=11508, stack(0x0000008c6d500000,0x0000008c6d600000)]
  0x000001cccdb48800 JavaThread "Sweeper thread" daemon [_thread_blocked, id=2152, stack(0x0000008c6d600000,0x0000008c6d700000)]
  0x000001cccd106000 JavaThread "Common-Cleaner" daemon [_thread_blocked, id=11496, stack(0x0000008c6d700000,0x0000008c6d800000)]
  0x000001cccdece000 JavaThread "Monitor Ctrl-Break" daemon [_thread_in_native, id=5676, stack(0x0000008c6d800000,0x0000008c6d900000)]
  0x000001ccd10e8800 JavaThread "Catalina-utility-1" [_thread_blocked, id=10848, stack(0x0000008c6db00000,0x0000008c6dc00000)]
  0x000001cccee62800 JavaThread "Catalina-utility-2" [_thread_blocked, id=3392, stack(0x0000008c6dc00000,0x0000008c6dd00000)]
  0x000001ccd15c2000 JavaThread "container-0" [_thread_blocked, id=7876, stack(0x0000008c6dd00000,0x0000008c6de00000)]
  0x000001ccce620800 JavaThread "spring.cloud.inetutils" daemon [_thread_blocked, id=3888, stack(0x0000008c6de00000,0x0000008c6df00000)]
  0x000001cccf295800 JavaThread "http-nio-7777-Poller" daemon [_thread_in_native, id=1368, stack(0x0000008c6df00000,0x0000008c6e000000)]
  0x000001ccd15fb800 JavaThread "http-nio-7777-Acceptor" daemon [_thread_in_native, id=2020, stack(0x0000008c6e000000,0x0000008c6e100000)]
  0x000001ccafe9d000 JavaThread "DestroyJavaVM" [_thread_blocked, id=11760, stack(0x0000008c6c700000,0x0000008c6c800000)]
  0x000001ccd14b5800 JavaThread "http-nio-7777-exec-1" daemon [_thread_blocked, id=10484, stack(0x0000008c6c600000,0x0000008c6c700000)]

Other Threads:
  0x000001cccd161000 VMThread "VM Thread" [stack: 0x0000008c6ce00000,0x0000008c6cf00000] [id=7932]
  0x000001cccdda5000 WatcherThread [stack: 0x0000008c6d900000,0x0000008c6da00000] [id=10764]
  0x000001ccafeb2000 GCTaskThread "GC Thread#0" [stack: 0x0000008c6c900000,0x0000008c6ca00000] [id=10504]
  0x000001ccce087000 GCTaskThread "GC Thread#1" [stack: 0x0000008c6da00000,0x0000008c6db00000] [id=12008]
  0x000001ccafee3800 ConcurrentGCThread "G1 Main Marker" [stack: 0x0000008c6ca00000,0x0000008c6cb00000] [id=9212]
  0x000001ccafee5800 ConcurrentGCThread "G1 Conc#0" [stack: 0x0000008c6cb00000,0x0000008c6cc00000] [id=5240]
  0x000001ccaff6d800 ConcurrentGCThread "G1 Refine#0" [stack: 0x0000008c6cc00000,0x0000008c6cd00000] [id=1388]
  0x000001ccaff6e800 ConcurrentGCThread "G1 Young RemSet Sampling" [stack: 0x0000008c6cd00000,0x0000008c6ce00000] [id=2072]

Threads with active compile tasks:
C2 CompilerThread0 139251 4367   !   4       jdk.internal.loader.BuiltinClassLoader::findClassOnClassPathOrNull (64 bytes)

VM state:not at safepoint (normal execution)

VM Mutex/Monitor currently owned by a thread: None

Heap address: 0x0000000080000000, size: 2048 MB, Compressed Oops mode: 32-bit
Narrow klass base: 0x0000000000000000, Narrow klass shift: 3
Compressed class space size: 1073741824 Address: 0x0000000100000000

Heap:
 garbage-first heap   total 189440K, used 26957K [0x0000000080000000, 0x0000000100000000)
  region size 1024K, 19 young (19456K), 8 survivors (8192K)
 Metaspace       used 45001K, capacity 46203K, committed 46288K, reserved 1089536K
  class space    used 5384K, capacity 5855K, committed 5888K, reserved 1048576K
Heap Regions: E=young(eden), S=young(survivor), O=old, HS=humongous(starts), HC=humongous(continues), CS=collection set, F=free, A=archive, TAMS=top-at-mark-start (previous, next)
|   0|0x0000000080000000, 0x0000000080100000, 0x0000000080100000|100%| O|  |TAMS 0x0000000080100000, 0x0000000080000000| Untracked 
|   1|0x0000000080100000, 0x0000000080200000, 0x0000000080200000|100%| O|  |TAMS 0x0000000080200000, 0x0000000080100000| Untracked 
|   2|0x0000000080200000, 0x0000000080300000, 0x0000000080300000|100%| O|  |TAMS 0x0000000080300000, 0x0000000080200000| Untracked 
|   3|0x0000000080300000, 0x0000000080400000, 0x0000000080400000|100%| O|  |TAMS 0x0000000080400000, 0x0000000080300000| Untracked 
|   4|0x0000000080400000, 0x0000000080500000, 0x0000000080500000|100%| O|  |TAMS 0x0000000080500000, 0x0000000080400000| Untracked 
|   5|0x0000000080500000, 0x0000000080600000, 0x0000000080600000|100%| O|  |TAMS 0x0000000080600000, 0x0000000080500000| Untracked 
|   6|0x0000000080600000, 0x0000000080700000, 0x0000000080700000|100%| O|  |TAMS 0x000000008069be00, 0x0000000080600000| Untracked 
|   7|0x0000000080700000, 0x0000000080700000, 0x0000000080800000|  0%| F|  |TAMS 0x0000000080700000, 0x0000000080700000| Untracked 
|   8|0x0000000080800000, 0x0000000080800000, 0x0000000080900000|  0%| F|  |TAMS 0x0000000080800000, 0x0000000080800000| Untracked 
|   9|0x0000000080900000, 0x0000000080900000, 0x0000000080a00000|  0%| F|  |TAMS 0x0000000080900000, 0x0000000080900000| Untracked 
|  10|0x0000000080a00000, 0x0000000080a00000, 0x0000000080b00000|  0%| F|  |TAMS 0x0000000080a00000, 0x0000000080a00000| Untracked 
|  11|0x0000000080b00000, 0x0000000080b00000, 0x0000000080c00000|  0%| F|  |TAMS 0x0000000080b00000, 0x0000000080b00000| Untracked 
|  12|0x0000000080c00000, 0x0000000080d00000, 0x0000000080d00000|100%| O|  |TAMS 0x0000000080c00000, 0x0000000080c00000| Untracked 
|  13|0x0000000080d00000, 0x0000000080d53400, 0x0000000080e00000| 32%| O|  |TAMS 0x0000000080d00000, 0x0000000080d00000| Untracked 
|  14|0x0000000080e00000, 0x0000000080e00000, 0x0000000080f00000|  0%| F|  |TAMS 0x0000000080e00000, 0x0000000080e00000| Untracked 
|  15|0x0000000080f00000, 0x0000000080f00000, 0x0000000081000000|  0%| F|  |TAMS 0x0000000080f00000, 0x0000000080f00000| Untracked 
|  16|0x0000000081000000, 0x0000000081000000, 0x0000000081100000|  0%| F|  |TAMS 0x0000000081000000, 0x0000000081000000| Untracked 
|  17|0x0000000081100000, 0x0000000081100000, 0x0000000081200000|  0%| F|  |TAMS 0x0000000081100000, 0x0000000081100000| Untracked 
|  18|0x0000000081200000, 0x0000000081200000, 0x0000000081300000|  0%| F|  |TAMS 0x0000000081200000, 0x0000000081200000| Untracked 
|  19|0x0000000081300000, 0x0000000081300000, 0x0000000081400000|  0%| F|  |TAMS 0x0000000081300000, 0x0000000081300000| Untracked 
|  20|0x0000000081400000, 0x0000000081400000, 0x0000000081500000|  0%| F|  |TAMS 0x0000000081400000, 0x0000000081400000| Untracked 
|  21|0x0000000081500000, 0x0000000081500000, 0x0000000081600000|  0%| F|  |TAMS 0x0000000081500000, 0x0000000081500000| Untracked 
|  22|0x0000000081600000, 0x0000000081600000, 0x0000000081700000|  0%| F|  |TAMS 0x0000000081600000, 0x0000000081600000| Untracked 
|  23|0x0000000081700000, 0x0000000081700000, 0x0000000081800000|  0%| F|  |TAMS 0x0000000081700000, 0x0000000081700000| Untracked 
|  24|0x0000000081800000, 0x0000000081800000, 0x0000000081900000|  0%| F|  |TAMS 0x0000000081800000, 0x0000000081800000| Untracked 
|  25|0x0000000081900000, 0x0000000081900000, 0x0000000081a00000|  0%| F|  |TAMS 0x0000000081900000, 0x0000000081900000| Untracked 
|  26|0x0000000081a00000, 0x0000000081a00000, 0x0000000081b00000|  0%| F|  |TAMS 0x0000000081a00000, 0x0000000081a00000| Untracked 
|  27|0x0000000081b00000, 0x0000000081b00000, 0x0000000081c00000|  0%| F|  |TAMS 0x0000000081b00000, 0x0000000081b00000| Untracked 
|  28|0x0000000081c00000, 0x0000000081c00000, 0x0000000081d00000|  0%| F|  |TAMS 0x0000000081c00000, 0x0000000081c00000| Untracked 
|  29|0x0000000081d00000, 0x0000000081d00000, 0x0000000081e00000|  0%| F|  |TAMS 0x0000000081d00000, 0x0000000081d00000| Untracked 
|  30|0x0000000081e00000, 0x0000000081e00000, 0x0000000081f00000|  0%| F|  |TAMS 0x0000000081e00000, 0x0000000081e00000| Untracked 
|  31|0x0000000081f00000, 0x0000000081f00000, 0x0000000082000000|  0%| F|  |TAMS 0x0000000081f00000, 0x0000000081f00000| Untracked 
|  32|0x0000000082000000, 0x0000000082000000, 0x0000000082100000|  0%| F|  |TAMS 0x0000000082000000, 0x0000000082000000| Untracked 
|  33|0x0000000082100000, 0x0000000082100000, 0x0000000082200000|  0%| F|  |TAMS 0x0000000082100000, 0x0000000082100000| Untracked 
|  34|0x0000000082200000, 0x0000000082200000, 0x0000000082300000|  0%| F|  |TAMS 0x0000000082200000, 0x0000000082200000| Untracked 
|  35|0x0000000082300000, 0x0000000082300000, 0x0000000082400000|  0%| F|  |TAMS 0x0000000082300000, 0x0000000082300000| Untracked 
|  36|0x0000000082400000, 0x0000000082400000, 0x0000000082500000|  0%| F|  |TAMS 0x0000000082400000, 0x0000000082400000| Untracked 
|  37|0x0000000082500000, 0x0000000082500000, 0x0000000082600000|  0%| F|  |TAMS 0x0000000082500000, 0x0000000082500000| Untracked 
|  38|0x0000000082600000, 0x0000000082600000, 0x0000000082700000|  0%| F|  |TAMS 0x0000000082600000, 0x0000000082600000| Untracked 
|  39|0x0000000082700000, 0x0000000082700000, 0x0000000082800000|  0%| F|  |TAMS 0x0000000082700000, 0x0000000082700000| Untracked 
|  40|0x0000000082800000, 0x0000000082800000, 0x0000000082900000|  0%| F|  |TAMS 0x0000000082800000, 0x0000000082800000| Untracked 
|  41|0x0000000082900000, 0x0000000082900000, 0x0000000082a00000|  0%| F|  |TAMS 0x0000000082900000, 0x0000000082900000| Untracked 
|  42|0x0000000082a00000, 0x0000000082a00000, 0x0000000082b00000|  0%| F|  |TAMS 0x0000000082a00000, 0x0000000082a00000| Untracked 
|  43|0x0000000082b00000, 0x0000000082b00000, 0x0000000082c00000|  0%| F|  |TAMS 0x0000000082b00000, 0x0000000082b00000| Untracked 
|  44|0x0000000082c00000, 0x0000000082c00000, 0x0000000082d00000|  0%| F|  |TAMS 0x0000000082c00000, 0x0000000082c00000| Untracked 
|  45|0x0000000082d00000, 0x0000000082d00000, 0x0000000082e00000|  0%| F|  |TAMS 0x0000000082d00000, 0x0000000082d00000| Untracked 
|  46|0x0000000082e00000, 0x0000000082e00000, 0x0000000082f00000|  0%| F|  |TAMS 0x0000000082e00000, 0x0000000082e00000| Untracked 
|  47|0x0000000082f00000, 0x0000000082f00000, 0x0000000083000000|  0%| F|  |TAMS 0x0000000082f00000, 0x0000000082f00000| Untracked 
|  48|0x0000000083000000, 0x0000000083000000, 0x0000000083100000|  0%| F|  |TAMS 0x0000000083000000, 0x0000000083000000| Untracked 
|  49|0x0000000083100000, 0x0000000083100000, 0x0000000083200000|  0%| F|  |TAMS 0x0000000083100000, 0x0000000083100000| Untracked 
|  50|0x0000000083200000, 0x0000000083200000, 0x0000000083300000|  0%| F|  |TAMS 0x0000000083200000, 0x0000000083200000| Untracked 
|  51|0x0000000083300000, 0x0000000083300000, 0x0000000083400000|  0%| F|  |TAMS 0x0000000083300000, 0x0000000083300000| Untracked 
|  52|0x0000000083400000, 0x0000000083400000, 0x0000000083500000|  0%| F|  |TAMS 0x0000000083400000, 0x0000000083400000| Untracked 
|  53|0x0000000083500000, 0x0000000083500000, 0x0000000083600000|  0%| F|  |TAMS 0x0000000083500000, 0x0000000083500000| Untracked 
|  54|0x0000000083600000, 0x0000000083600000, 0x0000000083700000|  0%| F|  |TAMS 0x0000000083600000, 0x0000000083600000| Untracked 
|  55|0x0000000083700000, 0x0000000083700000, 0x0000000083800000|  0%| F|  |TAMS 0x0000000083700000, 0x0000000083700000| Untracked 
|  56|0x0000000083800000, 0x0000000083800000, 0x0000000083900000|  0%| F|  |TAMS 0x0000000083800000, 0x0000000083800000| Untracked 
|  57|0x0000000083900000, 0x0000000083900000, 0x0000000083a00000|  0%| F|  |TAMS 0x0000000083900000, 0x0000000083900000| Untracked 
|  58|0x0000000083a00000, 0x0000000083a00000, 0x0000000083b00000|  0%| F|  |TAMS 0x0000000083a00000, 0x0000000083a00000| Untracked 
|  59|0x0000000083b00000, 0x0000000083b00000, 0x0000000083c00000|  0%| F|  |TAMS 0x0000000083b00000, 0x0000000083b00000| Untracked 
|  60|0x0000000083c00000, 0x0000000083c00000, 0x0000000083d00000|  0%| F|  |TAMS 0x0000000083c00000, 0x0000000083c00000| Untracked 
|  61|0x0000000083d00000, 0x0000000083d00000, 0x0000000083e00000|  0%| F|  |TAMS 0x0000000083d00000, 0x0000000083d00000| Untracked 
|  62|0x0000000083e00000, 0x0000000083e00000, 0x0000000083f00000|  0%| F|  |TAMS 0x0000000083e00000, 0x0000000083e00000| Untracked 
|  63|0x0000000083f00000, 0x0000000083f00000, 0x0000000084000000|  0%| F|  |TAMS 0x0000000083f00000, 0x0000000083f00000| Untracked 
|  64|0x0000000084000000, 0x0000000084000000, 0x0000000084100000|  0%| F|  |TAMS 0x0000000084000000, 0x0000000084000000| Untracked 
|  65|0x0000000084100000, 0x0000000084100000, 0x0000000084200000|  0%| F|  |TAMS 0x0000000084100000, 0x0000000084100000| Untracked 
|  66|0x0000000084200000, 0x0000000084200000, 0x0000000084300000|  0%| F|  |TAMS 0x0000000084200000, 0x0000000084200000| Untracked 
|  67|0x0000000084300000, 0x0000000084300000, 0x0000000084400000|  0%| F|  |TAMS 0x0000000084300000, 0x0000000084300000| Untracked 
|  68|0x0000000084400000, 0x0000000084400000, 0x0000000084500000|  0%| F|  |TAMS 0x0000000084400000, 0x0000000084400000| Untracked 
|  69|0x0000000084500000, 0x0000000084500000, 0x0000000084600000|  0%| F|  |TAMS 0x0000000084500000, 0x0000000084500000| Untracked 
|  70|0x0000000084600000, 0x0000000084600000, 0x0000000084700000|  0%| F|  |TAMS 0x0000000084600000, 0x0000000084600000| Untracked 
|  71|0x0000000084700000, 0x0000000084700000, 0x0000000084800000|  0%| F|  |TAMS 0x0000000084700000, 0x0000000084700000| Untracked 
|  72|0x0000000084800000, 0x0000000084800000, 0x0000000084900000|  0%| F|  |TAMS 0x0000000084800000, 0x0000000084800000| Untracked 
|  73|0x0000000084900000, 0x0000000084a00000, 0x0000000084a00000|100%| S|CS|TAMS 0x0000000084900000, 0x0000000084900000| Complete 
|  74|0x0000000084a00000, 0x0000000084b00000, 0x0000000084b00000|100%| S|CS|TAMS 0x0000000084a00000, 0x0000000084a00000| Complete 
|  75|0x0000000084b00000, 0x0000000084c00000, 0x0000000084c00000|100%| S|CS|TAMS 0x0000000084b00000, 0x0000000084b00000| Complete 
|  76|0x0000000084c00000, 0x0000000084d00000, 0x0000000084d00000|100%| S|CS|TAMS 0x0000000084c00000, 0x0000000084c00000| Complete 
|  77|0x0000000084d00000, 0x0000000084e00000, 0x0000000084e00000|100%| S|CS|TAMS 0x0000000084d00000, 0x0000000084d00000| Complete 
|  78|0x0000000084e00000, 0x0000000084f00000, 0x0000000084f00000|100%| S|CS|TAMS 0x0000000084e00000, 0x0000000084e00000| Complete 
|  79|0x0000000084f00000, 0x0000000085000000, 0x0000000085000000|100%| S|CS|TAMS 0x0000000084f00000, 0x0000000084f00000| Complete 
|  80|0x0000000085000000, 0x0000000085100000, 0x0000000085100000|100%| S|CS|TAMS 0x0000000085000000, 0x0000000085000000| Complete 
|  81|0x0000000085100000, 0x0000000085100000, 0x0000000085200000|  0%| F|  |TAMS 0x0000000085100000, 0x0000000085100000| Untracked 
|  82|0x0000000085200000, 0x0000000085200000, 0x0000000085300000|  0%| F|  |TAMS 0x0000000085200000, 0x0000000085200000| Untracked 
|  83|0x0000000085300000, 0x0000000085300000, 0x0000000085400000|  0%| F|  |TAMS 0x0000000085300000, 0x0000000085300000| Untracked 
|  84|0x0000000085400000, 0x0000000085400000, 0x0000000085500000|  0%| F|  |TAMS 0x0000000085400000, 0x0000000085400000| Untracked 
|  85|0x0000000085500000, 0x0000000085500000, 0x0000000085600000|  0%| F|  |TAMS 0x0000000085500000, 0x0000000085500000| Untracked 
|  86|0x0000000085600000, 0x0000000085600000, 0x0000000085700000|  0%| F|  |TAMS 0x0000000085600000, 0x0000000085600000| Untracked 
|  87|0x0000000085700000, 0x0000000085700000, 0x0000000085800000|  0%| F|  |TAMS 0x0000000085700000, 0x0000000085700000| Untracked 
|  88|0x0000000085800000, 0x0000000085800000, 0x0000000085900000|  0%| F|  |TAMS 0x0000000085800000, 0x0000000085800000| Untracked 
|  89|0x0000000085900000, 0x0000000085900000, 0x0000000085a00000|  0%| F|  |TAMS 0x0000000085900000, 0x0000000085900000| Untracked 
|  90|0x0000000085a00000, 0x0000000085a00000, 0x0000000085b00000|  0%| F|  |TAMS 0x0000000085a00000, 0x0000000085a00000| Untracked 
|  91|0x0000000085b00000, 0x0000000085b00000, 0x0000000085c00000|  0%| F|  |TAMS 0x0000000085b00000, 0x0000000085b00000| Untracked 
|  92|0x0000000085c00000, 0x0000000085c00000, 0x0000000085d00000|  0%| F|  |TAMS 0x0000000085c00000, 0x0000000085c00000| Untracked 
|  93|0x0000000085d00000, 0x0000000085d00000, 0x0000000085e00000|  0%| F|  |TAMS 0x0000000085d00000, 0x0000000085d00000| Untracked 
|  94|0x0000000085e00000, 0x0000000085e00000, 0x0000000085f00000|  0%| F|  |TAMS 0x0000000085e00000, 0x0000000085e00000| Untracked 
|  95|0x0000000085f00000, 0x0000000085f00000, 0x0000000086000000|  0%| F|  |TAMS 0x0000000085f00000, 0x0000000085f00000| Untracked 
|  96|0x0000000086000000, 0x0000000086000000, 0x0000000086100000|  0%| F|  |TAMS 0x0000000086000000, 0x0000000086000000| Untracked 
|  97|0x0000000086100000, 0x0000000086100000, 0x0000000086200000|  0%| F|  |TAMS 0x0000000086100000, 0x0000000086100000| Untracked 
|  98|0x0000000086200000, 0x0000000086200000, 0x0000000086300000|  0%| F|  |TAMS 0x0000000086200000, 0x0000000086200000| Untracked 
|  99|0x0000000086300000, 0x0000000086300000, 0x0000000086400000|  0%| F|  |TAMS 0x0000000086300000, 0x0000000086300000| Untracked 
| 100|0x0000000086400000, 0x0000000086400000, 0x0000000086500000|  0%| F|  |TAMS 0x0000000086400000, 0x0000000086400000| Untracked 
| 101|0x0000000086500000, 0x0000000086500000, 0x0000000086600000|  0%| F|  |TAMS 0x0000000086500000, 0x0000000086500000| Untracked 
| 102|0x0000000086600000, 0x0000000086600000, 0x0000000086700000|  0%| F|  |TAMS 0x0000000086600000, 0x0000000086600000| Untracked 
| 103|0x0000000086700000, 0x0000000086700000, 0x0000000086800000|  0%| F|  |TAMS 0x0000000086700000, 0x0000000086700000| Untracked 
| 104|0x0000000086800000, 0x0000000086800000, 0x0000000086900000|  0%| F|  |TAMS 0x0000000086800000, 0x0000000086800000| Untracked 
| 105|0x0000000086900000, 0x0000000086900000, 0x0000000086a00000|  0%| F|  |TAMS 0x0000000086900000, 0x0000000086900000| Untracked 
| 106|0x0000000086a00000, 0x0000000086a00000, 0x0000000086b00000|  0%| F|  |TAMS 0x0000000086a00000, 0x0000000086a00000| Untracked 
| 107|0x0000000086b00000, 0x0000000086b00000, 0x0000000086c00000|  0%| F|  |TAMS 0x0000000086b00000, 0x0000000086b00000| Untracked 
| 108|0x0000000086c00000, 0x0000000086c00000, 0x0000000086d00000|  0%| F|  |TAMS 0x0000000086c00000, 0x0000000086c00000| Untracked 
| 109|0x0000000086d00000, 0x0000000086d00000, 0x0000000086e00000|  0%| F|  |TAMS 0x0000000086d00000, 0x0000000086d00000| Untracked 
| 110|0x0000000086e00000, 0x0000000086e00000, 0x0000000086f00000|  0%| F|  |TAMS 0x0000000086e00000, 0x0000000086e00000| Untracked 
| 111|0x0000000086f00000, 0x0000000086f00000, 0x0000000087000000|  0%| F|  |TAMS 0x0000000086f00000, 0x0000000086f00000| Untracked 
| 112|0x0000000087000000, 0x0000000087000000, 0x0000000087100000|  0%| F|  |TAMS 0x0000000087000000, 0x0000000087000000| Untracked 
| 113|0x0000000087100000, 0x0000000087100000, 0x0000000087200000|  0%| F|  |TAMS 0x0000000087100000, 0x0000000087100000| Untracked 
| 114|0x0000000087200000, 0x0000000087200000, 0x0000000087300000|  0%| F|  |TAMS 0x0000000087200000, 0x0000000087200000| Untracked 
| 115|0x0000000087300000, 0x0000000087300000, 0x0000000087400000|  0%| F|  |TAMS 0x0000000087300000, 0x0000000087300000| Untracked 
| 116|0x0000000087400000, 0x0000000087400000, 0x0000000087500000|  0%| F|  |TAMS 0x0000000087400000, 0x0000000087400000| Untracked 
| 117|0x0000000087500000, 0x0000000087500000, 0x0000000087600000|  0%| F|  |TAMS 0x0000000087500000, 0x0000000087500000| Untracked 
| 118|0x0000000087600000, 0x0000000087600000, 0x0000000087700000|  0%| F|  |TAMS 0x0000000087600000, 0x0000000087600000| Untracked 
| 119|0x0000000087700000, 0x0000000087700000, 0x0000000087800000|  0%| F|  |TAMS 0x0000000087700000, 0x0000000087700000| Untracked 
| 120|0x0000000087800000, 0x0000000087800000, 0x0000000087900000|  0%| F|  |TAMS 0x0000000087800000, 0x0000000087800000| Untracked 
| 121|0x0000000087900000, 0x0000000087900000, 0x0000000087a00000|  0%| F|  |TAMS 0x0000000087900000, 0x0000000087900000| Untracked 
| 122|0x0000000087a00000, 0x0000000087a00000, 0x0000000087b00000|  0%| F|  |TAMS 0x0000000087a00000, 0x0000000087a00000| Untracked 
| 123|0x0000000087b00000, 0x0000000087b00000, 0x0000000087c00000|  0%| F|  |TAMS 0x0000000087b00000, 0x0000000087b00000| Untracked 
| 124|0x0000000087c00000, 0x0000000087c00000, 0x0000000087d00000|  0%| F|  |TAMS 0x0000000087c00000, 0x0000000087c00000| Untracked 
| 125|0x0000000087d00000, 0x0000000087d00000, 0x0000000087e00000|  0%| F|  |TAMS 0x0000000087d00000, 0x0000000087d00000| Untracked 
| 126|0x0000000087e00000, 0x0000000087e00000, 0x0000000087f00000|  0%| F|  |TAMS 0x0000000087e00000, 0x0000000087e00000| Untracked 
| 127|0x0000000087f00000, 0x0000000087f00000, 0x0000000088000000|  0%| F|  |TAMS 0x0000000087f00000, 0x0000000087f00000| Untracked 
| 128|0x0000000088000000, 0x0000000088000000, 0x0000000088100000|  0%| F|  |TAMS 0x0000000088000000, 0x0000000088000000| Untracked 
| 129|0x0000000088100000, 0x0000000088100000, 0x0000000088200000|  0%| F|  |TAMS 0x0000000088100000, 0x0000000088100000| Untracked 
| 130|0x0000000088200000, 0x0000000088200000, 0x0000000088300000|  0%| F|  |TAMS 0x0000000088200000, 0x0000000088200000| Untracked 
| 131|0x0000000088300000, 0x0000000088300000, 0x0000000088400000|  0%| F|  |TAMS 0x0000000088300000, 0x0000000088300000| Untracked 
| 132|0x0000000088400000, 0x0000000088400000, 0x0000000088500000|  0%| F|  |TAMS 0x0000000088400000, 0x0000000088400000| Untracked 
| 133|0x0000000088500000, 0x0000000088500000, 0x0000000088600000|  0%| F|  |TAMS 0x0000000088500000, 0x0000000088500000| Untracked 
| 134|0x0000000088600000, 0x0000000088600000, 0x0000000088700000|  0%| F|  |TAMS 0x0000000088600000, 0x0000000088600000| Untracked 
| 135|0x0000000088700000, 0x0000000088700000, 0x0000000088800000|  0%| F|  |TAMS 0x0000000088700000, 0x0000000088700000| Untracked 
| 136|0x0000000088800000, 0x0000000088800000, 0x0000000088900000|  0%| F|  |TAMS 0x0000000088800000, 0x0000000088800000| Untracked 
| 137|0x0000000088900000, 0x0000000088900000, 0x0000000088a00000|  0%| F|  |TAMS 0x0000000088900000, 0x0000000088900000| Untracked 
| 138|0x0000000088a00000, 0x0000000088a00000, 0x0000000088b00000|  0%| F|  |TAMS 0x0000000088a00000, 0x0000000088a00000| Untracked 
| 139|0x0000000088b00000, 0x0000000088b00000, 0x0000000088c00000|  0%| F|  |TAMS 0x0000000088b00000, 0x0000000088b00000| Untracked 
| 140|0x0000000088c00000, 0x0000000088c00000, 0x0000000088d00000|  0%| F|  |TAMS 0x0000000088c00000, 0x0000000088c00000| Untracked 
| 141|0x0000000088d00000, 0x0000000088d00000, 0x0000000088e00000|  0%| F|  |TAMS 0x0000000088d00000, 0x0000000088d00000| Untracked 
| 142|0x0000000088e00000, 0x0000000088e00000, 0x0000000088f00000|  0%| F|  |TAMS 0x0000000088e00000, 0x0000000088e00000| Untracked 
| 143|0x0000000088f00000, 0x0000000088f00000, 0x0000000089000000|  0%| F|  |TAMS 0x0000000088f00000, 0x0000000088f00000| Untracked 
| 144|0x0000000089000000, 0x0000000089000000, 0x0000000089100000|  0%| F|  |TAMS 0x0000000089000000, 0x0000000089000000| Untracked 
| 145|0x0000000089100000, 0x0000000089100000, 0x0000000089200000|  0%| F|  |TAMS 0x0000000089100000, 0x0000000089100000| Untracked 
| 146|0x0000000089200000, 0x0000000089200000, 0x0000000089300000|  0%| F|  |TAMS 0x0000000089200000, 0x0000000089200000| Untracked 
| 147|0x0000000089300000, 0x0000000089300000, 0x0000000089400000|  0%| F|  |TAMS 0x0000000089300000, 0x0000000089300000| Untracked 
| 148|0x0000000089400000, 0x0000000089400000, 0x0000000089500000|  0%| F|  |TAMS 0x0000000089400000, 0x0000000089400000| Untracked 
| 149|0x0000000089500000, 0x0000000089500000, 0x0000000089600000|  0%| F|  |TAMS 0x0000000089500000, 0x0000000089500000| Untracked 
| 150|0x0000000089600000, 0x0000000089600000, 0x0000000089700000|  0%| F|  |TAMS 0x0000000089600000, 0x0000000089600000| Untracked 
| 151|0x0000000089700000, 0x0000000089700000, 0x0000000089800000|  0%| F|  |TAMS 0x0000000089700000, 0x0000000089700000| Untracked 
| 152|0x0000000089800000, 0x0000000089800000, 0x0000000089900000|  0%| F|  |TAMS 0x0000000089800000, 0x0000000089800000| Untracked 
| 153|0x0000000089900000, 0x0000000089900000, 0x0000000089a00000|  0%| F|  |TAMS 0x0000000089900000, 0x0000000089900000| Untracked 
| 154|0x0000000089a00000, 0x0000000089a00000, 0x0000000089b00000|  0%| F|  |TAMS 0x0000000089a00000, 0x0000000089a00000| Untracked 
| 155|0x0000000089b00000, 0x0000000089b00000, 0x0000000089c00000|  0%| F|  |TAMS 0x0000000089b00000, 0x0000000089b00000| Untracked 
| 156|0x0000000089c00000, 0x0000000089c00000, 0x0000000089d00000|  0%| F|  |TAMS 0x0000000089c00000, 0x0000000089c00000| Untracked 
| 157|0x0000000089d00000, 0x0000000089d00000, 0x0000000089e00000|  0%| F|  |TAMS 0x0000000089d00000, 0x0000000089d00000| Untracked 
| 158|0x0000000089e00000, 0x0000000089e00000, 0x0000000089f00000|  0%| F|  |TAMS 0x0000000089e00000, 0x0000000089e00000| Untracked 
| 159|0x0000000089f00000, 0x0000000089f00000, 0x000000008a000000|  0%| F|  |TAMS 0x0000000089f00000, 0x0000000089f00000| Untracked 
| 160|0x000000008a000000, 0x000000008a000000, 0x000000008a100000|  0%| F|  |TAMS 0x000000008a000000, 0x000000008a000000| Untracked 
| 161|0x000000008a100000, 0x000000008a100000, 0x000000008a200000|  0%| F|  |TAMS 0x000000008a100000, 0x000000008a100000| Untracked 
| 162|0x000000008a200000, 0x000000008a200000, 0x000000008a300000|  0%| F|  |TAMS 0x000000008a200000, 0x000000008a200000| Untracked 
| 163|0x000000008a300000, 0x000000008a300000, 0x000000008a400000|  0%| F|  |TAMS 0x000000008a300000, 0x000000008a300000| Untracked 
| 164|0x000000008a400000, 0x000000008a400000, 0x000000008a500000|  0%| F|  |TAMS 0x000000008a400000, 0x000000008a400000| Untracked 
| 165|0x000000008a500000, 0x000000008a500000, 0x000000008a600000|  0%| F|  |TAMS 0x000000008a500000, 0x000000008a500000| Untracked 
| 166|0x000000008a600000, 0x000000008a600000, 0x000000008a700000|  0%| F|  |TAMS 0x000000008a600000, 0x000000008a600000| Untracked 
| 167|0x000000008a700000, 0x000000008a700000, 0x000000008a800000|  0%| F|  |TAMS 0x000000008a700000, 0x000000008a700000| Untracked 
| 168|0x000000008a800000, 0x000000008a800000, 0x000000008a900000|  0%| F|  |TAMS 0x000000008a800000, 0x000000008a800000| Untracked 
| 169|0x000000008a900000, 0x000000008a900000, 0x000000008aa00000|  0%| F|  |TAMS 0x000000008a900000, 0x000000008a900000| Untracked 
| 170|0x000000008aa00000, 0x000000008aa00000, 0x000000008ab00000|  0%| F|  |TAMS 0x000000008aa00000, 0x000000008aa00000| Untracked 
| 171|0x000000008ab00000, 0x000000008ab00000, 0x000000008ac00000|  0%| F|  |TAMS 0x000000008ab00000, 0x000000008ab00000| Untracked 
| 172|0x000000008ac00000, 0x000000008ac00000, 0x000000008ad00000|  0%| F|  |TAMS 0x000000008ac00000, 0x000000008ac00000| Untracked 
| 173|0x000000008ad00000, 0x000000008ad00000, 0x000000008ae00000|  0%| F|  |TAMS 0x000000008ad00000, 0x000000008ad00000| Untracked 
| 174|0x000000008ae00000, 0x000000008aee4690, 0x000000008af00000| 89%| E|  |TAMS 0x000000008ae00000, 0x000000008ae00000| Complete 
| 175|0x000000008af00000, 0x000000008b000000, 0x000000008b000000|100%| E|CS|TAMS 0x000000008af00000, 0x000000008af00000| Complete 
| 176|0x000000008b000000, 0x000000008b100000, 0x000000008b100000|100%| E|CS|TAMS 0x000000008b000000, 0x000000008b000000| Complete 
| 177|0x000000008b100000, 0x000000008b200000, 0x000000008b200000|100%| E|CS|TAMS 0x000000008b100000, 0x000000008b100000| Complete 
| 178|0x000000008b200000, 0x000000008b300000, 0x000000008b300000|100%| E|CS|TAMS 0x000000008b200000, 0x000000008b200000| Complete 
| 179|0x000000008b300000, 0x000000008b400000, 0x000000008b400000|100%| E|CS|TAMS 0x000000008b300000, 0x000000008b300000| Complete 
| 180|0x000000008b400000, 0x000000008b500000, 0x000000008b500000|100%| E|CS|TAMS 0x000000008b400000, 0x000000008b400000| Complete 
| 181|0x000000008b500000, 0x000000008b600000, 0x000000008b600000|100%| E|CS|TAMS 0x000000008b500000, 0x000000008b500000| Complete 
| 182|0x000000008b600000, 0x000000008b700000, 0x000000008b700000|100%| E|CS|TAMS 0x000000008b600000, 0x000000008b600000| Complete 
| 183|0x000000008b700000, 0x000000008b800000, 0x000000008b800000|100%| E|CS|TAMS 0x000000008b700000, 0x000000008b700000| Complete 
| 184|0x000000008b800000, 0x000000008b900000, 0x000000008b900000|100%| E|CS|TAMS 0x000000008b800000, 0x000000008b800000| Complete 

Card table byte_map: [0x000001ccc6550000,0x000001ccc6950000] _byte_map_base: 0x000001ccc6150000

Marking Bits (Prev, Next): (CMBitMap*) 0x000001ccafeda978, (CMBitMap*) 0x000001ccafeda9b0
 Prev Bits: [0x000001ccc6d50000, 0x000001ccc8d50000)
 Next Bits: [0x000001ccc8d50000, 0x000001cccad50000)

Polling page: 0x000001ccadce0000

Metaspace:

Usage:
  Non-class:     39.40 MB capacity,    38.69 MB ( 98%) used,   583.67 KB (  1%) free+waste,   146.50 KB ( <1%) overhead. 
      Class:      5.72 MB capacity,     5.26 MB ( 92%) used,   400.75 KB (  7%) free+waste,    70.13 KB (  1%) overhead. 
       Both:     45.12 MB capacity,    43.95 MB ( 97%) used,   984.42 KB (  2%) free+waste,   216.63 KB ( <1%) overhead. 

Virtual space:
  Non-class space:       40.00 MB reserved,      39.45 MB ( 99%) committed 
      Class space:        1.00 GB reserved,       5.75 MB ( <1%) committed 
             Both:        1.04 GB reserved,      45.20 MB (  4%) committed 

Chunk freelists:
   Non-Class:  6.50 KB
       Class:  128 bytes
        Both:  6.63 KB

CodeHeap 'non-profiled nmethods': size=120064Kb used=2010Kb max_used=2010Kb free=118054Kb
 bounds [0x000001ccbf010000, 0x000001ccbf280000, 0x000001ccc6550000]
CodeHeap 'profiled nmethods': size=120000Kb used=9207Kb max_used=9207Kb free=110792Kb
 bounds [0x000001ccb7ae0000, 0x000001ccb83e0000, 0x000001ccbf010000]
CodeHeap 'non-nmethods': size=5696Kb used=1175Kb max_used=1210Kb free=4520Kb
 bounds [0x000001ccb7550000, 0x000001ccb77c0000, 0x000001ccb7ae0000]
 total_blobs=4856 nmethods=4353 adapters=414
 compilation: enabled
              stopped_count=0, restarted_count=0
 full_count=0

Compilation events (10 events):
Event: 138.919 Thread 0x000001cccd199800 4379       3       java.util.IdentityHashMap::init (11 bytes)
Event: 138.920 Thread 0x000001cccd199800 nmethod 4379 0x000001ccb83dd690 code [0x000001ccb83dd820, 0x000001ccb83dda18]
Event: 138.920 Thread 0x000001cccd199800 4380       3       java.nio.Buffer::remaining (20 bytes)
Event: 138.920 Thread 0x000001cccd199800 nmethod 4380 0x000001ccb83ddb10 code [0x000001ccb83ddca0, 0x000001ccb83dddf8]
Event: 138.937 Thread 0x000001cccd188800 nmethod 4370% 0x000001ccbf203010 code [0x000001ccbf203260, 0x000001ccbf2045f0]
Event: 138.937 Thread 0x000001cccd188800 4373       4       java.lang.PublicMethods$MethodList::filter (104 bytes)
Event: 138.963 Thread 0x000001cccd188800 nmethod 4373 0x000001ccbf205410 code [0x000001ccbf2055c0, 0x000001ccbf205fd8]
Event: 138.963 Thread 0x000001cccd188800 4368       4       java.nio.HeapByteBuffer::getShort (25 bytes)
Event: 138.964 Thread 0x000001cccd188800 nmethod 4368 0x000001ccbf206490 code [0x000001ccbf206600, 0x000001ccbf2066d8]
Event: 138.964 Thread 0x000001cccd188800 4367   !   4       jdk.internal.loader.BuiltinClassLoader::findClassOnClassPathOrNull (64 bytes)

GC Heap History (10 events):
Event: 2.939 GC heap before
{Heap before GC invocations=4 (full 0):
 garbage-first heap   total 131072K, used 25326K [0x0000000080000000, 0x0000000100000000)
  region size 1024K, 22 young (22528K), 2 survivors (2048K)
 Metaspace       used 20787K, capacity 21227K, committed 21248K, reserved 1069056K
  class space    used 2338K, capacity 2541K, committed 2560K, reserved 1048576K
}
Event: 2.950 GC heap after
{Heap after GC invocations=5 (full 0):
 garbage-first heap   total 157696K, used 7804K [0x0000000080000000, 0x0000000100000000)
  region size 1024K, 2 young (2048K), 2 survivors (2048K)
 Metaspace       used 20787K, capacity 21227K, committed 21248K, reserved 1069056K
  class space    used 2338K, capacity 2541K, committed 2560K, reserved 1048576K
}
Event: 3.680 GC heap before
{Heap before GC invocations=6 (full 0):
 garbage-first heap   total 157696K, used 35452K [0x0000000080000000, 0x0000000100000000)
  region size 1024K, 30 young (30720K), 2 survivors (2048K)
 Metaspace       used 24373K, capacity 24968K, committed 25212K, reserved 1071104K
  class space    used 2878K, capacity 3151K, committed 3200K, reserved 1048576K
}
Event: 3.691 GC heap after
{Heap after GC invocations=7 (full 0):
 garbage-first heap   total 157696K, used 9383K [0x0000000080000000, 0x0000000100000000)
  region size 1024K, 4 young (4096K), 4 survivors (4096K)
 Metaspace       used 24373K, capacity 24968K, committed 25212K, reserved 1071104K
  class space    used 2878K, capacity 3151K, committed 3200K, reserved 1048576K
}
Event: 4.908 GC heap before
{Heap before GC invocations=7 (full 0):
 garbage-first heap   total 157696K, used 51367K [0x0000000080000000, 0x0000000100000000)
  region size 1024K, 45 young (46080K), 4 survivors (4096K)
 Metaspace       used 30951K, capacity 31635K, committed 31868K, reserved 1077248K
  class space    used 3602K, capacity 3876K, committed 3968K, reserved 1048576K
}
Event: 4.923 GC heap after
{Heap after GC invocations=8 (full 0):
 garbage-first heap   total 157696K, used 11472K [0x0000000080000000, 0x0000000100000000)
  region size 1024K, 5 young (5120K), 5 survivors (5120K)
 Metaspace       used 30951K, capacity 31635K, committed 31868K, reserved 1077248K
  class space    used 3602K, capacity 3876K, committed 3968K, reserved 1048576K
}
Event: 6.021 GC heap before
{Heap before GC invocations=8 (full 0):
 garbage-first heap   total 157696K, used 36048K [0x0000000080000000, 0x0000000100000000)
  region size 1024K, 30 young (30720K), 5 survivors (5120K)
 Metaspace       used 35069K, capacity 35927K, committed 36048K, reserved 1081344K
  class space    used 4178K, capacity 4557K, committed 4608K, reserved 1048576K
}
Event: 6.038 GC heap after
{Heap after GC invocations=9 (full 0):
 garbage-first heap   total 157696K, used 13323K [0x0000000080000000, 0x0000000100000000)
  region size 1024K, 7 young (7168K), 7 survivors (7168K)
 Metaspace       used 35069K, capacity 35927K, committed 36048K, reserved 1081344K
  class space    used 4178K, capacity 4557K, committed 4608K, reserved 1048576K
}
Event: 138.286 GC heap before
{Heap before GC invocations=10 (full 0):
 garbage-first heap   total 157696K, used 86027K [0x0000000080000000, 0x0000000100000000)
  region size 1024K, 73 young (74752K), 7 survivors (7168K)
 Metaspace       used 42853K, capacity 43988K, committed 44240K, reserved 1087488K
  class space    used 5136K, capacity 5609K, committed 5632K, reserved 1048576K
}
Event: 138.324 GC heap after
{Heap after GC invocations=11 (full 0):
 garbage-first heap   total 189440K, used 16717K [0x0000000080000000, 0x0000000100000000)
  region size 1024K, 8 young (8192K), 8 survivors (8192K)
 Metaspace       used 42853K, capacity 43988K, committed 44240K, reserved 1087488K
  class space    used 5136K, capacity 5609K, committed 5632K, reserved 1048576K
}

Deoptimization events (10 events):
Event: 7.823 Thread 0x000001ccafe9d000 Uncommon trap: reason=null_check action=make_not_entrant pc=0x000001ccbf14b694 method=org.springframework.beans.factory.support.DefaultSingletonBeanRegistry.getSingleton(Ljava/lang/String;Z)Ljava/lang/Object; @ 90 c2
Event: 7.912 Thread 0x000001ccafe9d000 Uncommon trap: reason=unstable_if action=reinterpret pc=0x000001ccbf1934b4 method=sun.reflect.annotation.AnnotationInvocationHandler.invoke(Ljava/lang/Object;Ljava/lang/reflect/Method;[Ljava/lang/Object;)Ljava/lang/Object; @ 76 c2
Event: 8.242 Thread 0x000001ccafe9d000 Uncommon trap: reason=class_check action=maybe_recompile pc=0x000001ccbf0f4a04 method=java.util.concurrent.ConcurrentHashMap.putVal(Ljava/lang/Object;Ljava/lang/Object;Z)Ljava/lang/Object; @ 242 c2
Event: 8.246 Thread 0x000001ccafe9d000 Uncommon trap: reason=unstable_if action=reinterpret pc=0x000001ccbf0e1fa4 method=java.util.concurrent.ConcurrentHashMap.get(Ljava/lang/Object;)Ljava/lang/Object; @ 152 c2
Event: 8.676 Thread 0x000001ccafe9d000 Uncommon trap: reason=unstable_if action=reinterpret pc=0x000001ccbf09a15c method=org.springframework.util.ConcurrentReferenceHashMap$Segment.clear()V @ 7 c2
Event: 138.721 Thread 0x000001ccd14b5800 Uncommon trap: reason=unstable_if action=reinterpret pc=0x000001ccbf0f5ce8 method=java.io.WinNTFileSystem.normalize(Ljava/lang/String;)Ljava/lang/String; @ 74 c2
Event: 138.760 Thread 0x000001ccd14b5800 Uncommon trap: reason=unstable_if action=reinterpret pc=0x000001ccbf185658 method=java.util.Objects.equals(Ljava/lang/Object;Ljava/lang/Object;)Z @ 6 c2
Event: 138.832 Thread 0x000001ccd14b5800 Uncommon trap: reason=class_check action=maybe_recompile pc=0x000001ccbf0f49a0 method=java.util.concurrent.ConcurrentHashMap.putVal(Ljava/lang/Object;Ljava/lang/Object;Z)Ljava/lang/Object; @ 159 c2
Event: 138.832 Thread 0x000001ccd14b5800 Uncommon trap: reason=class_check action=maybe_recompile pc=0x000001ccbf0f49a0 method=java.util.concurrent.ConcurrentHashMap.putVal(Ljava/lang/Object;Ljava/lang/Object;Z)Ljava/lang/Object; @ 159 c2
Event: 138.832 Thread 0x000001ccd14b5800 Uncommon trap: reason=class_check action=maybe_recompile pc=0x000001ccbf0f49a0 method=java.util.concurrent.ConcurrentHashMap.putVal(Ljava/lang/Object;Ljava/lang/Object;Z)Ljava/lang/Object; @ 159 c2

Classes redefined (0 events):
No events

Internal exceptions (10 events):
Event: 8.453 Thread 0x000001ccafe9d000 Exception <a 'java/lang/ClassNotFoundException'{0x0000000085513c08}: org/aopalliance/intercept/InterceptorCustomizer> (0x0000000085513c08) thrown at [./open/src/hotspot/share/classfile/systemDictionary.cpp, line 226]
Event: 8.453 Thread 0x000001ccafe9d000 Exception <a 'java/lang/ClassNotFoundException'{0x000000008551e408}: org/aopalliance/aop/AdviceCustomizer> (0x000000008551e408) thrown at [./open/src/hotspot/share/classfile/systemDictionary.cpp, line 226]
Event: 8.454 Thread 0x000001ccafe9d000 Exception <a 'java/lang/ClassNotFoundException'{0x000000008552ac38}: org/springframework/beans/factory/FactoryBeanCustomizer> (0x000000008552ac38) thrown at [./open/src/hotspot/share/classfile/systemDictionary.cpp, line 226]
Event: 8.456 Thread 0x000001ccafe9d000 Exception <a 'java/lang/ClassNotFoundException'{0x000000008553bae8}: org/springframework/beans/factory/BeanFactoryAwareCustomizer> (0x000000008553bae8) thrown at [./open/src/hotspot/share/classfile/systemDictionary.cpp, line 226]
Event: 8.457 Thread 0x000001ccafe9d000 Exception <a 'java/lang/ClassNotFoundException'{0x00000000855488a0}: org/springframework/beans/factory/AwareCustomizer> (0x00000000855488a0) thrown at [./open/src/hotspot/share/classfile/systemDictionary.cpp, line 226]
Event: 8.458 Thread 0x000001ccafe9d000 Exception <a 'java/lang/ClassNotFoundException'{0x0000000085555c28}: org/springframework/aop/framework/AopInfrastructureBeanCustomizer> (0x0000000085555c28) thrown at [./open/src/hotspot/share/classfile/systemDictionary.cpp, line 226]
Event: 8.562 Thread 0x000001ccafe9d000 Exception <a 'java/lang/NoSuchMethodError'{0x0000000085378b58}: java.lang.invoke.DirectMethodHandle$Holder.invokeSpecial(Ljava/lang/Object;Ljava/lang/Object;ILjava/lang/Object;ILjava/lang/Object;)Ljava/lang/Object;> (0x0000000085378b58) thrown at [./open/
Event: 8.562 Thread 0x000001ccafe9d000 Exception <a 'java/lang/NoSuchMethodError'{0x0000000085380038}: java.lang.invoke.DirectMethodHandle$Holder.invokeStatic(Ljava/lang/Object;Ljava/lang/Object;ILjava/lang/Object;I)Ljava/lang/Object;> (0x0000000085380038) thrown at [./open/src/hotspot/share/i
Event: 8.563 Thread 0x000001ccafe9d000 Exception <a 'java/lang/NoSuchMethodError'{0x0000000085383a60}: java.lang.invoke.DirectMethodHandle$Holder.invokeSpecial(Ljava/lang/Object;Ljava/lang/Object;Ljava/lang/Object;ILjava/lang/Object;I)Ljava/lang/Object;> (0x0000000085383a60) thrown at [./open/
Event: 8.564 Thread 0x000001ccafe9d000 Exception <a 'java/lang/NoSuchMethodError'{0x000000008538ffe0}: java.lang.invoke.DirectMethodHandle$Holder.invokeVirtual(Ljava/lang/Object;Ljava/lang/Object;)V> (0x000000008538ffe0) thrown at [./open/src/hotspot/share/interpreter/linkResolver.cpp, line 77

Events (10 events):
Event: 138.916 loading class org/apache/tomcat/util/buf/HexUtils
Event: 138.916 loading class org/apache/tomcat/util/buf/HexUtils done
Event: 138.918 loading class org/springframework/web/context/request/WebRequest
Event: 138.918 loading class org/springframework/web/context/request/WebRequest done
Event: 138.918 loading class org/springframework/web/method/annotation/SessionAttributesHandler
Event: 138.918 loading class org/springframework/web/method/annotation/SessionAttributesHandler done
Event: 138.919 Executing VM operation: RevokeBias
Event: 138.919 Executing VM operation: RevokeBias done
Event: 138.921 Executing VM operation: RevokeBias
Event: 138.921 Executing VM operation: RevokeBias done


Dynamic libraries:
0x00007ff758910000 - 0x00007ff75891f000 	C:\Program Files\Java\jdk-11.0.15\bin\java.exe
0x00007ffd7e570000 - 0x00007ffd7e768000 	C:\Windows\SYSTEM32\ntdll.dll
0x00007ffd7dcc0000 - 0x00007ffd7dd7d000 	C:\Windows\System32\KERNEL32.DLL
0x00007ffd7bcc0000 - 0x00007ffd7bf8e000 	C:\Windows\System32\KERNELBASE.dll
0x00007ffd7c1e0000 - 0x00007ffd7c2e0000 	C:\Windows\System32\ucrtbase.dll
0x00007ffd68260000 - 0x00007ffd68278000 	C:\Program Files\Java\jdk-11.0.15\bin\jli.dll
0x00007ffd7c700000 - 0x00007ffd7c7ae000 	C:\Windows\System32\ADVAPI32.dll
0x00007ffd7d870000 - 0x00007ffd7d90e000 	C:\Windows\System32\msvcrt.dll
0x00007ffd7d320000 - 0x00007ffd7d3bc000 	C:\Windows\System32\sechost.dll
0x00007ffd7c5d0000 - 0x00007ffd7c6f5000 	C:\Windows\System32\RPCRT4.dll
0x00007ffd7d9f0000 - 0x00007ffd7db90000 	C:\Windows\System32\USER32.dll
0x00007ffd7c5a0000 - 0x00007ffd7c5c2000 	C:\Windows\System32\win32u.dll
0x00007ffd7e500000 - 0x00007ffd7e52a000 	C:\Windows\System32\GDI32.dll
0x00007ffd7c2e0000 - 0x00007ffd7c3eb000 	C:\Windows\System32\gdi32full.dll
0x00007ffd7bf90000 - 0x00007ffd7c02d000 	C:\Windows\System32\msvcp_win.dll
0x00007ffd68240000 - 0x00007ffd68255000 	C:\Program Files\Java\jdk-11.0.15\bin\VCRUNTIME140.dll
0x00007ffd67fa0000 - 0x00007ffd6823a000 	C:\Windows\WinSxS\amd64_microsoft.windows.common-controls_6595b64144ccf1df_6.0.19041.1110_none_60b5254171f9507e\COMCTL32.dll
0x00007ffd73e50000 - 0x00007ffd73e5a000 	C:\Windows\SYSTEM32\VERSION.dll
0x00007ffd7cb90000 - 0x00007ffd7cbc0000 	C:\Windows\System32\IMM32.DLL
0x00007ffd67ed0000 - 0x00007ffd67f6b000 	C:\Program Files\Java\jdk-11.0.15\bin\msvcp140.dll
0x00007ffd673b0000 - 0x00007ffd67ec6000 	C:\Program Files\Java\jdk-11.0.15\bin\server\jvm.dll
0x00007ffd7d7d0000 - 0x00007ffd7d7d8000 	C:\Windows\System32\PSAPI.DLL
0x00007ffd673a0000 - 0x00007ffd673a9000 	C:\Windows\SYSTEM32\WSOCK32.dll
0x00007ffd7e490000 - 0x00007ffd7e4fb000 	C:\Windows\System32\WS2_32.dll
0x00007ffd6f310000 - 0x00007ffd6f337000 	C:\Windows\SYSTEM32\WINMM.dll
0x00007ffd79b70000 - 0x00007ffd79b82000 	C:\Windows\SYSTEM32\kernel.appcore.dll
0x00007ffd672d0000 - 0x00007ffd672e0000 	C:\Program Files\Java\jdk-11.0.15\bin\verify.dll
0x00007ffd6f390000 - 0x00007ffd6f574000 	C:\Windows\SYSTEM32\DBGHELP.DLL
0x00007ffd6f210000 - 0x00007ffd6f23c000 	C:\Windows\SYSTEM32\dbgcore.DLL
0x00007ffd7c0e0000 - 0x00007ffd7c162000 	C:\Windows\System32\bcryptPrimitives.dll
0x00007ffd672a0000 - 0x00007ffd672c8000 	C:\Program Files\Java\jdk-11.0.15\bin\java.dll
0x00007ffd67290000 - 0x00007ffd6729a000 	C:\Program Files\Java\jdk-11.0.15\bin\jimage.dll
0x00007ffd68b30000 - 0x00007ffd68b3e000 	C:\Program Files\Java\jdk-11.0.15\bin\instrument.dll
0x00007ffd67270000 - 0x00007ffd67286000 	C:\Program Files\Java\jdk-11.0.15\bin\zip.dll
0x00007ffd7cbd0000 - 0x00007ffd7d314000 	C:\Windows\System32\SHELL32.dll
0x00007ffd79d70000 - 0x00007ffd7a504000 	C:\Windows\SYSTEM32\windows.storage.dll
0x00007ffd7d470000 - 0x00007ffd7d7c4000 	C:\Windows\System32\combase.dll
0x00007ffd7b540000 - 0x00007ffd7b570000 	C:\Windows\SYSTEM32\Wldp.dll
0x00007ffd7d3c0000 - 0x00007ffd7d46d000 	C:\Windows\System32\SHCORE.dll
0x00007ffd7ca80000 - 0x00007ffd7cad5000 	C:\Windows\System32\shlwapi.dll
0x00007ffd7bbd0000 - 0x00007ffd7bbef000 	C:\Windows\SYSTEM32\profapi.dll
0x00007ffd685c0000 - 0x00007ffd685d9000 	C:\Program Files\Java\jdk-11.0.15\bin\net.dll
0x00007ffd73740000 - 0x00007ffd7384a000 	C:\Windows\SYSTEM32\WINHTTP.dll
0x00007ffd7b320000 - 0x00007ffd7b38a000 	C:\Windows\system32\mswsock.dll
0x00007ffd685a0000 - 0x00007ffd685b2000 	C:\Program Files\Java\jdk-11.0.15\bin\nio.dll
0x00007ffd63d30000 - 0x00007ffd63d4a000 	C:\Program Files\JetBrains\IntelliJ IDEA Community Edition 2022.2.1\bin\breakgen64.dll
0x00007ffd7b030000 - 0x00007ffd7b06b000 	C:\Windows\SYSTEM32\IPHLPAPI.DLL
0x00007ffd7e480000 - 0x00007ffd7e488000 	C:\Windows\System32\NSI.dll
0x00007ffd74470000 - 0x00007ffd74487000 	C:\Windows\SYSTEM32\dhcpcsvc6.DLL
0x00007ffd74450000 - 0x00007ffd7446d000 	C:\Windows\SYSTEM32\dhcpcsvc.DLL
0x00007ffd7b080000 - 0x00007ffd7b14a000 	C:\Windows\SYSTEM32\DNSAPI.dll
0x00007ffd72e00000 - 0x00007ffd72e0a000 	C:\Windows\System32\rasadhlp.dll
0x00007ffd73850000 - 0x00007ffd738d0000 	C:\Windows\System32\fwpuclnt.dll
0x00007ffd7bc90000 - 0x00007ffd7bcb7000 	C:\Windows\System32\bcrypt.dll
0x00007ffd68280000 - 0x00007ffd68289000 	C:\Program Files\Java\jdk-11.0.15\bin\management.dll
0x00007ffd67f70000 - 0x00007ffd67f7b000 	C:\Program Files\Java\jdk-11.0.15\bin\management_ext.dll
0x00007ffd68f70000 - 0x00007ffd68f87000 	C:\Windows\system32\napinsp.dll
0x00007ffd68f50000 - 0x00007ffd68f6b000 	C:\Windows\system32\pnrpnsp.dll
0x00007ffd68f30000 - 0x00007ffd68f45000 	C:\Windows\system32\wshbth.dll
0x00007ffd77650000 - 0x00007ffd7766d000 	C:\Windows\system32\NLAapi.dll
0x00007ffd68f10000 - 0x00007ffd68f22000 	C:\Windows\System32\winrnr.dll
0x00007ffd7b580000 - 0x00007ffd7b598000 	C:\Windows\SYSTEM32\CRYPTSP.dll
0x00007ffd7acc0000 - 0x00007ffd7acf4000 	C:\Windows\system32\rsaenh.dll
0x00007ffd7bb50000 - 0x00007ffd7bb7e000 	C:\Windows\SYSTEM32\USERENV.dll
0x00007ffd7b4b0000 - 0x00007ffd7b4bc000 	C:\Windows\SYSTEM32\CRYPTBASE.dll

dbghelp: loaded successfully - version: 4.0.5 - missing functions: none
symbol engine: initialized successfully - sym options: 0x614 - pdb path: .;C:\Program Files\Java\jdk-11.0.15\bin;C:\Windows\SYSTEM32;C:\Windows\WinSxS\amd64_microsoft.windows.common-controls_6595b64144ccf1df_6.0.19041.1110_none_60b5254171f9507e;C:\Program Files\Java\jdk-11.0.15\bin\server;C:\Program Files\JetBrains\IntelliJ IDEA Community Edition 2022.2.1\bin

VM Arguments:
jvm_args: -javaagent:C:\Program Files\JetBrains\IntelliJ IDEA Community Edition 2022.2.1\lib\idea_rt.jar=58353:C:\Program Files\JetBrains\IntelliJ IDEA Community Edition 2022.2.1\bin -Dfile.encoding=UTF-8 
java_command: com.training.example.ConfigServerApplication
java_class_path (initial): C:\Users\sfjbs\Downloads\spring-cloud-config-local-main\spring-cloud-config-local-main\spring-cloud-config-server\target\classes;C:\Users\sfjbs\.m2\repository\org\springframework\cloud\spring-cloud-config-server\3.1.1\spring-cloud-config-server-3.1.1.jar;C:\Users\sfjbs\.m2\repository\org\springframework\cloud\spring-cloud-config-client\3.1.1\spring-cloud-config-client-3.1.1.jar;C:\Users\sfjbs\.m2\repository\org\springframework\boot\spring-boot-autoconfigure\2.6.2\spring-boot-autoconfigure-2.6.2.jar;C:\Users\sfjbs\.m2\repository\org\springframework\boot\spring-boot\2.6.2\spring-boot-2.6.2.jar;C:\Users\sfjbs\.m2\repository\org\springframework\cloud\spring-cloud-commons\3.1.1\spring-cloud-commons-3.1.1.jar;C:\Users\sfjbs\.m2\repository\org\springframework\cloud\spring-cloud-context\3.1.1\spring-cloud-context-3.1.1.jar;C:\Users\sfjbs\.m2\repository\org\springframework\spring-web\5.3.14\spring-web-5.3.14.jar;C:\Users\sfjbs\.m2\repository\org\springframework\spring-beans\5.3.14\spring-beans-5.3.14.jar;C:\Users\sfjbs\.m2\repository\org\springframework\spring-core\5.3.14\spring-core-5.3.14.jar;C:\Users\sfjbs\.m2\repository\org\springframework\spring-jcl\5.3.14\spring-jcl-5.3.14.jar;C:\Users\sfjbs\.m2\repository\com\fasterxml\jackson\core\jackson-annotations\2.13.1\jackson-annotations-2.13.1.jar;C:\Users\sfjbs\.m2\repository\com\fasterxml\jackson\core\jackson-databind\2.13.1\jackson-databind-2.13.1.jar;C:\Users\sfjbs\.m2\repository\org\apache\httpcomponents\httpclient\4.5.13\httpclient-4.5.13.jar;C:\Users\sfjbs\.m2\repository\commons-codec\commons-codec\1.15\commons-codec-1.15.jar;C:\Users\sfjbs\.m2\repository\org\springframework\boot\spring-boot-starter-web\2.6.2\spring-boot-starter-web-2.6.2.jar;C:\Users\sfjbs\.m2\repository\org\springframework\boot\spring-boot-starter\2.6.2\spring-boot-starter-2.6.2.jar;C:\Users\sfjbs\.m2\repository\org\springframework\boot\spring-boot-starter-logging\2.6.2\spring-boot-starter-logging-2.6.2.jar;C:\Users\sfjbs\
Launcher Type: SUN_STANDARD

[Global flags]
     intx CICompilerCount                          = 2                                         {product} {ergonomic}
     uint ConcGCThreads                            = 1                                         {product} {ergonomic}
     uint G1ConcRefinementThreads                  = 2                                         {product} {ergonomic}
   size_t G1HeapRegionSize                         = 1048576                                   {product} {ergonomic}
    uintx GCDrainStackTargetSize                   = 64                                        {product} {ergonomic}
   size_t InitialHeapSize                          = 134217728                                 {product} {ergonomic}
   size_t MarkStackSize                            = 4194304                                   {product} {ergonomic}
   size_t MaxHeapSize                              = 2147483648                                {product} {ergonomic}
   size_t MaxNewSize                               = 1287651328                                {product} {ergonomic}
   size_t MinHeapDeltaBytes                        = 1048576                                   {product} {ergonomic}
    uintx NonNMethodCodeHeapSize                   = 5825164                                {pd product} {ergonomic}
    uintx NonProfiledCodeHeapSize                  = 122916538                              {pd product} {ergonomic}
    uintx ProfiledCodeHeapSize                     = 122916538                              {pd product} {ergonomic}
    uintx ReservedCodeCacheSize                    = 251658240                              {pd product} {ergonomic}
     bool SegmentedCodeCache                       = true                                      {product} {ergonomic}
     bool UseCompressedClassPointers               = true                                 {lp64_product} {ergonomic}
     bool UseCompressedOops                        = true                                 {lp64_product} {ergonomic}
     bool UseG1GC                                  = true                                      {product} {ergonomic}
     bool UseLargePagesIndividualAllocation        = false                                  {pd product} {ergonomic}

Logging:
Log output configuration:
 #0: stdout all=warning uptime,level,tags
 #1: stderr all=off uptime,level,tags

Environment Variables:
PATH=C:\Program Files\Common Files\Oracle\Java\javapath;C:\Windows\system32;C:\Windows;C:\Windows\System32\Wbem;C:\Windows\System32\WindowsPowerShell\v1.0\;C:\Windows\System32\OpenSSH\;C:\Program Files\PuTTY\;C:\Program Files\Git\cmd;C:\Program Files\Docker\Docker\resources\bin;C:\ProgramData\DockerDesktop\version-bin;C:\Users\sfjbs\Downloads\apache-maven-3.8.6-bin\apache-maven-3.8.6\bin;C:\Users\sfjbs\Downloads\apache-maven-3.8.6-bin\apache-maven-3.8.6\lib;C:\Users\sfjbs\AppData\Local\Microsoft\WindowsApps;C:\Program Files\JetBrains\IntelliJ IDEA Community Edition 2022.2.1\bin;;C:\Users\sfjbs\Downloads\apache-maven-3.8.6-bin\apache-maven-3.8.6\bin;C:\Users\sfjbs\Downloads\apache-maven-3.8.6-bin\apache-maven-3.8.6\lib;
USERNAME=sfjbs
OS=Windows_NT
PROCESSOR_IDENTIFIER=Intel64 Family 6 Model 85 Stepping 7, GenuineIntel



---------------  S Y S T E M  ---------------

OS: Windows 10 , 64 bit Build 19041 (10.0.19041.1889)
Hyper-V role detected

CPU:total 2 (initial active 2) (1 cores per cpu, 2 threads per core) family 6 model 85 stepping 7 microcode 0xffffffff, cmov, cx8, fxsr, mmx, sse, sse2, sse3, ssse3, sse4.1, sse4.2, popcnt, avx, avx2, aes, clmul, erms, rtm, 3dnowpref, lzcnt, ht, tsc, bmi1, bmi2, adx, evex, fma

Memory: 4k page, system-wide physical 8190M (1380M free)
TotalPageFile size 10238M (AvailPageFile size 5M)
current process WorkingSet (physical memory assigned to process): 226M, peak: 226M
current process commit charge ("private bytes"): 340M, peak: 342M

vm_info: Java HotSpot(TM) 64-Bit Server VM (11.0.15+8-LTS-149) for windows-amd64 JRE (11.0.15+8-LTS-149), built on Mar  9 2022 22:42:32 by "mach5one" with MS VC++ 15.9 (VS2017)

END.
